Efficiency of actual algorithm: 94.158%
??????????????????????????????????????????????????????????????????????????????????????????????????????????????????????????????????????????????????????????????????????????????????????????????????????????????????????????????????????????????????????????
???????????????????????????????????????????????????????????????????????????????????????????????????????????????????????????????????????????????????????????????????????????????????????????????????????????????????M??????????????????????????????????????
????????????????????????????????????????????????????????????????????????????????????????????????????????????????????????????????????????????????????????????????????????????????????????????M??????????????????????T??????????????????????????????????????
????????????????????????????????????????????????????????????????????????????????????????????????????????????????????????????????????????????????????????????????????????????????????????????T????????????????????T?T??????????????????????????????????????
?????????????????????????????????????????????????????????????????????????????????????????????????????????????????M???????????????????M??????????????????????????????????????????????????????T????????????????????T????????????????????????????????????????
?????????????????M?????M??M??????????????????????????????????????????????????????????????????????????????????????????????????????????T??????????????????????????????????????????????????????T?????????????????????????????????????????????????????????????
?????????????????T?????M???????????????????????????????????????????????????????????????????????????????T?????????????????????????????T??????????????????????M??TT??????????????????????????????????????????????????????????????T??????????????M???????????
???????????????????????M???????????????????????????????????????????T?????????????????????????M?T????M??T?????????????????????????????T?????????????????????????T??????????????????????????????????????????????????????????????????????????????????????????
???????????????????????T?????????????????????????????????????????????????????????????????????M?T????T??M?????????????????????????????M?????????????????????????T???????????????????????????????????????????????????????????????????M????????M?????????????
???????????????????????M???????????????????????????????????????????????????????????????????????T????M??M?????????????????????????????T?????????????M???????????T???????????????????????????????????????????????????????????????????M????????T?????????????
???????????????????????????????????????????????????????????????????????????????????????????????T???????M?????????????????????????????T?????????????T????????????????????????????M??????????????????????????????????????????????????T????????M?????????????
???????????????????????????????????????????????????????????????????????????????????????????????????????M?????????????????????????????T??????????????????????????????????????????M??????????????????????????????????????????????????T????????M?????????????
???????????????????????????????????????????????????????????????????????????????????T??T????????????????M????????????????T????????M???T??????????????????????????????????????????T??????????????????????????????????????????????????T??????????????????????
???????????????????????????????????????????????????????????????????????????????????T??T?????????????????????????????????T????????M??????????????????????????????????????????????M??????????????????????????????????????????????????T??????????????????????
????????????????????????????????????????????????????????????????????????????????????????????????????????????????????????M????????M??????????????????????????????????????????????M??????????????????????????????????????????????????T??????????????????????
????????????????????????????????????????????????????????????????????????????????????????????????????????????????????????T??????????????????????????????????????????????T????????T????????????????????????????T?????????????????????T??????????????????????
????????????????????????????????????????????????????????????????????????M???????M????????????????????????????????????M??T?????????????T?????????????????????????????????????????M??????????????????????????????????M??????????????????????????????????????
?????????????????????M??????????????????????????????????????????????????M???????T????????????????????????????????????M????????????????M?????????????????????????????????????????M????????????????????????????????M????????????????????????????????????????
?????????????????????M??????????????????????????????????????????????????M???????T?????????????????????????????????????????????????????M???????????????????M??????????????????????????????????????????????????????M?????????T??????????????????????????????
?????????????????????T??????????????????????????????????????????????T???M???????T?????????????????????????????????????????????????????M???????????????????T????????????????????????????????????????????????????????????????T??????????????????????????????
?????????????????????M????????????????????????????????????????????????????????????????????????????????????????????????????????????????T???????????????????T????????????????????????????????????????????????????????????????T??????T?M?????????????????????
?????????????????????M????????????????????????????????????????????????????????????????????????????????????????????????????????????????M????????M??????????????????????????????????????????????????????????????????????????????????????????????????????????
?????????????????????M????????????????????????????????????????????????????????????????????????????????????????????????????????????????T????????M?????????????????????????M????????????????????????????????????????????????????????????????????????????????
??????????????????????????????????????????????????????????????????????????????????????????????????????????????????????????????????????M????????T?????????????????????????T????????????????????????????????????????????????????????????????????????????????
?????????????????????????????????????????????????????????????????????????????????M????????M???????????????????????????????M?M??????M??M????????T?????????????????????????M??????????????????????????????????????????????????????????????????T??????????M??
?????????????????????????????????????????????????????????????????????????????????T????????M???????????????????????????????T?M??????M???????????T?????????????????????????T??????????????????????????T?????????????????T?????????????????????T?????????????
??????????????T??????????????????????????????????????????????????????????????????T????M???M????????????????????????????????????????M???????????M?????????????????????????T????????????????????????????????????????????T???????????????????????????????????
?????????????????????????????M?????T?????????????????????????????????????????????T????M???M??????????????????????????????????????M?????????????T?????????????????M???????T?????????????????????????????T????M???M?????????????????????????????????????????
???????????????????????????????????T????M?????????????????????T??????????????????T????T???T????????????????????????M?????????????????????????????????????????????M???????T?????????????????????????????T????????T?????????????????????????????????????????
????????????????????????????????????????M?????????????????????M??????????????????T????M???M??????????????????????M?M???????????????????????????????????????????????????????????????????????????????????T??????????????????????????????????????????????????
????????????????????????????????????????T????????????????????????????????????????T????M???M??????????????M????T??T???????????????????????????????????????T?????????????????????????????????????????????T?????????????????????????M????????????????????????
????????????????????????????????????????T????????????????????????????????????????T????M???????????????????????M??M???????????????????????????????????????T??M??????????????????????????????????????????T?????????????????????????M????????????M???????????
????????????????????????????????????????M????????????????????????????????????????????????????????????????????????M???????????????????????????????????????T??T??????????????????????????????????????????M?????????????????????????T????????????M???????????
????????????????????????????????????????M????????????????????????????????????????????????????????????????????????M???????????????????????????????????????T??T??????????????????????????????????????????T?????????????????????????T????????????????????????
M???M??????????????????M????????????????T???????????????????????????????????????????????????????????M????????????M???????????????????????????????????????T?????T???????????????M?M?????????????????????T?????????????????????????M????????????????????????
T????????????????????M??????????????????M???????????????????????????????????????????????????????????M????????????M???????????????????????????????????????T?????M???????????????M?M???????????????????????????????????????????????M????????????????????????
T????????????????????M??????????????????M?????????????????????????????????????????M?????????????????T????????????M???????M???????????????????????????????T?????M???????????????T?????????????????????????????????????????????????M????????????????????????
M???????????????????????????????????????M???????????????????????????????????????????????????????????M????????????????????T???????????????????????????????T?????M???????????????M???????????????????????????????????????????????????????????????????????M??
T???????????????????????????????????????????????????????????????????????????????????????????????????T????????????????????T???????????????????????????????T?????????????????????T???????M?????T?????????????????????????????????????????????????????????T??
T???????????????????????????????????????????????????????????????????????????????????????????????????M??????????????????????????????????????????????????????????????????????????M???????M??????????????????M???????????????????????????????????????????????
T???????????????????????????????????????????????????????M???????????????????????????????????????????M?????????????????T?????????????T??????????T???????????????????????????????M??????????????????????????T???????????????????????????????????????????????
T??????????????????M????????????????????????????????????M???????????????????????????????????????????M?????????????????M?????????????T??????????T???????????????????????????????M??????????????????????????M???????????????????????????????????????????????
???????????????????T????????????????????????????????????T???????????????????????????????????????????M?????????????????M?????????????T??????????T???????????????????????????????M??????????????????????????T??????????????M????????????????????????????????
???????????????????T????????????????????????????????????M???????????????????????????????????????????????????????????????????????????T??????????T???????????????????????????????M??????????????????????????T??????????????M????????????????????????????????
???????????????????T????????????????????????????????????M???????????????????????????????????????????????????????????????????????????M??????????T???????????????????????????????T??????????????????????????T??????????????T????????????????????????????????
???????????????????T????????????????????????????????????M???????????????????????????????????????????????????????????????????????????T??????????????????????????????????????????M?????????????????????????????????????????M??????????M?????????????????????
???M??????M?????????????????????????????????????????????M???????????????????????????????????????????????????????????????????????????T???????????????????????T????????????????T?M????????????????????????????????????????????????????T?????????????????????
??????????M?????????????????????????????????????????????????????????????????????????????????????????????????????????????????????????T???????????????????????M????????????????T?M????????????????????????????????????????????????????M?????????????????????
?????????????????????????????????????????????????????????????????????????????????????????M??M??????????????????????????????T??M?????T???????????????????????M????????????????T?M????????????????????????????????????????????????????M??????????????T?T????
??????????????????????????????????????????????????????????????????????????????????T??????T??M??????????????????????????????T????????????????????????????????T??????????????????M??????????????????????????????????M?????????????????T??????????????T??????
????????????????????????????????????????????????????M??????????????????????????????M?????T??M??????????????????????????????T????????????????????????????????T??M???????????????M??????????????T???????????????????M?????????????????M??????????????T??????
????????????????????????????M???????????????????????M??????????????????????????????T????????M????????????????????????????T?M????????????????????????????????T??T??????M????????M??????????????T????????????????M????????????????????M?????????????????????
????????????????????????????T?????????????????????????????????????????M??????T?????M????????T????????????????????????????T?T????????????????????????????????T??T??????TT??????????????????????T????????????????T????????????????????M?????????????????????
???????????????M??T????????????????T?????????????????????????????????????????M?????M????????M????????????????????????????M?T????????????????????????????????T?????????M???????????????????????T????????????????T????????????????????M?????????????????????
??????????????????T????????????????M??????????????????????????M??????????????T??????????????M???????????????M????????????T?T???????????????M????????????????T?????????T???????????????????????T????????????????T????????????????????T?????????????????????
??????????????????M????????????????T??????????????????????????T??????????????M??????????????M????T??????????M????????????T?T???????????????M????????????????T?????????T????????????????????????????????????????T????????????????????M?????????????????????
??????????????????T????????????????T??????????????????????????M??????????????M???????????????????????????????????????????T????????????????????????????????????????????T????????????????????????????????????????T????????????????????M??T??????????????????
???????????????????????????????????T???????M??????????????????M??????????????M????????????????????????????????????????????????????????????????????????????M???????????M?????????????????????????????????????????????????????????????M?????????????????????
?M????M????????????????????????????????????T?????????????????????????????????M????????????????????????????????????????????????????????????????????????????M???????????T???T?????????????????????????????????????????????????????????M?????????????????????
?M????T????????????????M???????????????????T?????????????????????????????????M????????????????????????????????????????????????????????????????????????????T???????????T???M?????????????????????????????????????????????????????????T?????????????????????
??????T???T????????????????????????????????T?????????????????????????????????T??????T???M???????????????????????????????????????T?????????????????????????M???????????T???M?????????????????????????????????????????????????????????M?????????????????????
??????T???T??????????T?????????????????????T?????????????????????????????????M??????T???T???????????????????????????????????????T???T?????????????????????T???????????????M?????????????????????T???????????????????????????????????M?????????????????????
??????T???T??????????T?????????????????????T?????????????????????????????????M????????????????????????????????????????????T?????T?????????????????????????T???????????????M????????????????T????T???????????????????????????????????????????M?????????????
??????T??????????????M?????T???????????????M?????????????????????????????????M????????????????????????????????????????????????????????????????????????????T???????????????M???????????M?????????T???????????????????????????????????????????M?????????????
??????T??????????????T?????M???????????????M????????T???????MT???????????????M?????????????????????????????????????????M??????????????????????????????????T???????????????M???????????M?????????????????????????????????????????????????????M?????????????
??????T??????????????TT????T???????????????T????????M???????M????????????????M?????????????????????????????????????????TM?????????????????????????????????T???????????????M???????????M?????????????????????????????????????????????????????M?????????????
??????????????????????T????T???????????????T????????????????M????M???????????M??????????????????????????M??????????????MM?????????????????????????????????TT??????????????M???????????T?????M????????????????????????????????T??T???????????M??MM?????????
??????????????????????T????M???????????????T????????????????M????M????????????????????????????T??????????M?????????????M??????????????????????????????????TM??????????????????????????M?????M????????????????????????????????T?T???????????????MM?????????
??????????????????????T????M???????????????T?????????????????????M??????????????????????????????????????????T??????????????????????????????????????????????M??????????????????????????M??????????????????????????????????????M???????????M?????M??????????
??????????????????????T????M?????????????????????????????????????M??????????????????????????????????????????T???????????????????????????????????????M?T????T??????????????????????????M??????????????????????????????????????M????M????????????M??????????
???????????????????T???????M????????????????????????????????????????????????????????????????????????????????T???????????????????????????????????????T??????T??????????????????????????M??????????????????????????????????????M?????????????????M??????????
???????????????????T???????M????????????????????????????????????????????????????????????????????????????????T??????????????????????????????????????????????T??????????????????????????M????????????????T?????????????????????M?????????????????M??????????
???????????????????M???????M????????????????????????????????????????????????????????????????????????????????T??????????????????????????????????????????????T?????????????????????T????M????????????????M?????????????????????T?????????????????M?TT?????T?
???????????????????T???????M???????????????????????????????????????????????????????????????????????????????????????????????????????????????????????????????T??????????????????????????M????????????????M?????????????????????M?????????????????T?MM???????
????????????TM?????T???????????????????????????????????????????????????????????????????????????????????????????????????????????????????????????????????????M??????????????????????????M???T?????????T??T?????????????????????M?????????????????M?MT???????
????????????M??????M????????????T?????????????????????????????????????????????????????????????????????????????????????????M????????????????????????????????T??????????????????????????M???T?????????M??T?????????????????????M???????????????????MT???????
????????????M??????T????????????T??????????????????????M????????????????????T?????????????????????????????????????????????????????????????????????????????????????????????????????????T???M?????????M??M?????????????????????????????????????????M????????
????????????T???????????????????T??????????????????????M??????????????T?????T?????????????????????????????????????????????????????????????????????????????????????????????????????????T???T?????????M??M???????????T?????????????????????????????M????????
????????????M??T????????????????M??????????????????????M??????????????T?????T????????????????????????????????????????M????????????????????????????????????????????????????????????????M???T?????????M??????????????T??????????????????????????????????????
????????????M??M????????????????M??????????????????????M??????????????T??????T????????????????????????T?????????????????M???????????????????????????????????????T?????????????????????M?????????????M??????????????T??????????????????????????????????????
????????????M??M????????????????M??????????????????????M???????????MT????????T????????M???????????????M?????????????????M??????????????????T????????????????????M?????????????????????M?????????????M??????????????T??????????????????????????????????????
????????????M??M????????????????M??????????????????????T????????????T????????T????????????????????????M?????????????????M???????????????????????????????????????T???????????????????????????????????M??????????????T?????????????????????T????????????????
????????????M??M????????????????M??????????????????????M????????????M?????????????????????????????????M?????????????????M???????????????????????????????????????T???????????????????????????????????M??????????????M??????????????????????????????????????
???T???????????M????????????????M??????????????????????T????????????M?????????????????????????????????M?????????????????M???????????????????????????M???????????T???????????????????????????????????T??????????????T??????????????????????????????????????
???T???????????M????????????????M??????????????????????M????????????M?????????????????????????????????M?????????????????M????M?M????????????????????????????????????????????????????????????????????M??????????????M????M?????????????????????????????T??T
???T???????????M????????????????M??????????????????????M????????????M?????????????????????????????????M??????????????????????MMT????????????????????????????????????????????????????????????????????M??????????????T???TM???????????????????????????????MT
???T???????????M????????????????M???????????????????????????????????T????????????????????????????????????????????????????????MMT????????????????????????????????????????????????????????M???????????M??????????????????M??????????????????????????????????
????????????????????????????????????????????????????????????????????M????????????????????????????????????????????????????????M??????????????????????????????????????????????????????????T???????????M??????M??????????TM??????????????????????????????????
??????????????????????????????????????????????????????????M?????????M?????????????????????????????????????????????M????????????????????????????????????????????????????????????M????????M???????????M??????MT??????????M??????????????????????????????????
??????????????????????????????????????????????????????????T?????????M?????????????????????????????????????????????M????????????????????????????????????????????????????T???????M????????M???????????M???????T??????????T??????????????????????????????????
T????????????????????M????????????????????????????????????M???????????????????????????????????????????????????????M????????????????????????????????????????????????????????????M????????M??????????????????????????????M????M?????????????????????????????
T????????????????????T????????????????????????????????????M??????????????????????????????????????????M????????????M?????????????????????????????????????????????????????????????????????M???????????????????????????????????M???T?????????????????????????
M????????????????????M????????????????????????????????????M??????????????????????T????????????T???????????????T???M?????????????????????????????????????????T???????????????????????????M???????????????????????????????????M???M?????????????????????????
M?????????????????M??M????????????????????????????????????M??????????????????????T????????????T???????????????M???T??????M??????????????????????????????????T???????????????????????????????????????????????????????????????M???M?????????????????????????
M?????????????????T??T???????????????????????????????????????????????????????????T????????????????????????????M???T??????T????????????????????????????T?????M????????????????????????????????????????????????????????????T????????????????????????????????
M?????????????????T??T???????????????????????????????????????????????????????????M????????????????????????????????M??????M??????????????????????????????????M????????????????????????????????????????????????????????????M????????????????????????????????
M?????????????????T??T???????????????????????????????????????????????????????????T????????????????????????????????M??????T??????????????????????????M???????M????????????????????????????????????????????????????????????M????????????????????????????????
M?????????????????T??T???????????????????????????????????????????????????????????T???????????????????????????????MM?????MT???????????M??????????????M???????M????????????????M???????????????????????????????????????????T????????????????????????????T???
M?????????????????M??T?????????????????????????????????T?????????????????????????T???????????????????????????????TM??????T???????????M??????????????T????????????????????????T??????????????????????????????????????????TT????????????????????????????T??M
M?????????T???????M??T???????????????????????????????????????????????????????????????????????????????????????????TM??????T??????????????????????????T????????????????????????M????????????????????????????????????M?????MM???????????????????????????????T
??????????M???????T??T???????T????????????????????????????????????????????????????????????????????????????????????M??????T??????????????????????????M??????T???????????????????????????T??????????????????????????M?????TM???M???????????????????????????T
??????????T???????T?M????????M??????????????????????????????????????????????????????????????????????????????????????????????????????????????????????M??????T???M?????????T????????????????????????????????????????M?????TM???M???????????????????????????M
??????????T???????T??????????T??????????????????????????????????M?????????????????????????????????????????T?????????????????????????????????M???????M??????M???T?????????M????????????????????????????????????????M?????T????????????????????????????????M
??????????M???????T??????????M????????????????????????????????????????????????????????????T????????T??????????????????T?????????????????????????????T??????M???T?????????M?????T??????????????????????????????????T?????T????????????????????????????????T
??????????T???????T??????????T????????????????????????????????????????M???????????????????T????????T??????????????????M?????????????????????????????M??????T???M?????????M?????M??????????????????????????????????T?????T???????????????M????????????????M
??????????T??????????????????M?????????????????????????????????????M??T???????????????????T??M?????T??????????????????M?????????????????????????????M??????T???M?????????M?????M??????????????????????????????????M?????T???????????????T?????T??????????M
????????TTTT?????????????????T????????????????????????????????????????M???????????????????T???????????????????????????M?????????????????????????????M??????M???M???????????????M??M???????????????????????????????M?????T???????????????M?????T??????????M
????????TM?TM????????????????T????????????????????????????????????????M???????????????????M?????????????????????????????????????????????????????????M?M????T???M???????????????M????????????????????????????????????????????????????????T?????M??????????M
????????T???M????????????????T????????????????????????????????????????T??????????????T????T?????????????????????????????????????????????????????????M?M????T????????????????????????????????????????????????????????????????????????????T?????T???????????
????????????T????????????????T????????????????????????????????????????M??????????????T????T?????????????????????????????????????????????????????????M?M????T?????????????????????M????????????????M?????????????????????????????????????T?????????????????
????????????T?????????????????????????????????????????????????????????M??????????????T????T?????????????????????????????M??????????????????????????????????T?????????????????????M????????????????????????????????????????????????????????????????????????
????????????T??????????????????????????????M??????????????????????????T???????????????????T??????????????????????????????????????????????????????????????????????????????????????M????????????????????????????????????????????????????????????????????????
????????????T??????????????????????????????????????????????T??????????M??MM????M??????????T?????????????????????????T????????????????????????????????????????????????????????????T????????????????????????????????????????????????????????????????????????
????????????T???????????????M???M????????M?????????????????T??????????M??TM????T??????????T?????????????????????????T????M???????????????????????????????????????????????????????M????????????????????????????????????????????????????????????????????????
????????????T???????????????????M?????????????????????????????????????M??T?????M??????????T?????????????????????????T????M????????????????????????????????????????????????????????????????????????????????????????????????????????????????????????????????
????????????T????M??????????????T???????????????????????????????T?????M????????M??????????T??????????????????????????????T????????????????????????????????????????????????????????????????M????????????????????????????T??????????????????????????????????
????????????T???????????????????M???????????????????????????M?????????M????????M??????????T??????????????????????????????T??????????????????????????????????????????????????????????????????????????????????????????????????????????????????????T?????????
????????????T???????????????????T?????????????????????????????????????M????????M??????????T??????????????????????????????T????????????????????T?????????????????????????????????????????T?????????????????T???????????????????????????????????????????????
????????????T?????????M?????????M?????????????????????????????????????M???????????????????T??????????????????????????????T????????????????????M??????????????????????????T??T???????????M?????????????????T???????????????????????????????????????????????
????????????T?????????T?????????M?????????????????????????????????????T???????????????????M??????????????????????????????T????????????????????M??????????????????????????M??M???????????M?????????????????????????????????????????????????????????????????
????????????T?????????T?????????M?????????????????????????????????????M???????????????????T??????????????????????????????T????????????????????T??????????????????????????M??M???????????M?????????????????????????????????????????????????????????????????
????????????M?????????M?????????M?????????????????????????????????????M???????????????????T???????????????????????????????????????????????????M???????????????????????T??M??M???????????T????????????T????????????????????????????????????????????????????
????????????T?????????T?????????M?????????????????????????????????????????????????????????????????????????????????????????????????????????????M???????????????????????M??M??M???????????M?????????M??M????????????????????????????????????????????????????
????????????TM?T??????T??????????????????????????????????????????????????????????T??????????????????????????????????????????????T????????????????????????T?????????M??M??M??????????????M?????????T??M?????????????????????????????????????????????????T??
M???????????M??T??????????????????????????????????????????????????????????????M??M???????????????????????????????????????????????????????????????????????M?????????T??M?????????????????M?????????M??M????????????????????????????????????????????M???????
M???????????T????????????????????M?M?????????????????????????????????????????????M?????????????????????????????????????????????????????????????????????????????????T????????????????????T?????????T???????????????????????????????????????????????????????
??????M?????M????????????????????T?T??????????????????????????????T?T????????????M?????????????????????????????????????????????????????????????????????????????????M????????????????????M?????????T???????????????????????????M???????????????????????????
??????T?????T????????????????????M????????????????????????????????M?M????T???????M?????????????????????????????????????????????????????????????????????????????????M????????????????????M?????????T???????????????????????????M???????????????????????????
??????M?????T????M???????????????M????????????????????????????????T?M????T???????T?????????????????????????????????????????T???????????????????????????????????????M????????????????????M?????????T???????????????????????????M??????????????T????????????
??????M?????T????M???????????????M????????????????????????????????M?M????????????T?????????????????????????????????????????M????????????????????T??????????????????M??????????????????????????????T???????????????????????????M????????T?????M????????????
????????????T????M???????????????M?????????????T??????????M??????????????????T???M???????????T?????????????????????????????M???????????????????????????????????????M??????????T??????????????????????????????????????????????????????????T???M????????????
????????????T????????????????????T?????????????T?????????????????????????????M???M???????????M????????????????M????????????M??????????????????????????????????????????????????M??????????????????????????????????????????????????????????M???T????????????
?M??????????T????????????????????M?????????????M?????????????????????????????M???M???????????T????????????????M????????????M??????????????????????????????????????????????????T??????????????????????????????????????????????????????????T???T????????????
?M???????????????????????????????M?????????????M?????????????????????????????M???M???????????M????????????????M???????????????????????T???????????????????????????????????????T??????????????????M??????????????????M????????????????????M???T???????T????
?????????????????????????????????M?????????????T?????????????????????????????????M????????????????????????????M?????????????T?????????T???????????????M?????T?????????????????T??????????????????M??????????????????????????????????????T????T???????M??T?
????????????????????????????????MM?????????????M?????????????????????????????????M????????????????????????????M???????????????????????T?M?????M???????T?????T?????????????????T?????????????????????????????????????????????????????????T????T?????M?M????
????????????????????????????????MM?????????M???M???????????????????????M?????????M????????????????????????????M???????????????????????T???????T???????T?????M????????????T????M??????????????????????????????????????????????????????????????T?????T?T????
????????????????????????????????MM?????????????????????????????????????T??????M??M????????????????????????????M???????????????????????????????T???????T?????T????????????T????T??????????????????????M???????????????????????????????????????T?????M?M????
????????????????????M???????M????M?????????????????????????????????????M??????M??M????????????????????????????T????T??????????????????????????????????T?????TTM??????????M????T??????????????????????M?????????????????????????????????????????????M?M????
????????????????????T???????T????M?T???????????????????????????????????T????M????M????????????????????????????M???????????????????????????????????????T?????T?T??????????M????T??????????????????????T?????????????????????????????????????????????M?M????
????????????????????????????T????M?T???????????????????????????????????T????M????T????????????????????????????M???????????????????????????????????????T?????T?T??????????M????T??????????????????????T?????????????????????????????????????????????T??????
????????????????????????????T????M?M???????????????????????????????????T?T???????M????????????????????????????T???????????????????????????????????M??MT?????T?M??????????M????T??????????????????????M?????????M????????????????????????????????T??T??????
??M??T??????????????????????T??????T???????????????????????????????????M?M????????????????????????????????????T??????????????????????????????????????MT?????M?M????????????????????T?????????????????M?????????M???????????????????????M????????T??M??????
??T??M?????????????????????????????T???????????????????????????????????T??????????????????????????????????????M?????????????????????????????????????????????T?M????????????????????M?????????????????M?????????M???????????????????????T???????????M??????
?????M?????????????????????????????T???????????????????????????????????T??????????????????????????????????????M?????????????????????????????????????????????T??????????????????????M?????????????????M?????????????????????????????????T???????????MT?????
????????T??????????????????????????T???????????????????????????????????T??????????????????????????????????????M?????????????????????????????????????????????T??????????????????????M?????????????????M???????????????M?????????????????T???????????MM?????
????????T??????????????????????????T??????????????????????????????????????????????????????T??T????????????????M?????????????????????????????????????????????T??????????????????????M?????????????????M???????????????T?????????????????T????????????M?????
????????T????????????????????????????????????????????????????????????????????????????????????T????????????????M?????????M???????????????????????????????????T????????????????????????T???????????????M???????????????M?????????????????T???????M????M?????
???????????????????????????????????????????????????M??T?????????????????????????????????????????????????????????????????????????????????????????????????????T????????????????????????T???????????????M???????????????T?????????????????????????M????M?????
????????????????????????????????????????M??????????T?????????M????????????????????????????????????????????????????M??????????????????????????????????????????????????????????????????T???????????????M???????????????T??????????????????????????????M?????
?????????????????????????????????????????M???????????????????T????????????????????????????????????????????????????M??????????????????????????????????????????????????????????????????T???????????????????????????????T???M????????????????????????????????
?????????????????????????????????????????T??????????????????????????????????????????????????????M???????????????????M???????????????????????M????????????????????????????????????????T????????????????????????????????????????????????????????????????????
????????????????????M????????????????????M????????????????????????????????????????????????????????????????????????????????????????????????????????????????????????????????????????????????M????????????????????????????????????T?????????????????????M????
????????????????????T????????????????????????????????????????????????????????????????????????????????????????????????????????????????????????T???M??????????????????????????????????????T?T????????????????????????????????????T??????????????????????????
????????????????????T????????????????????????????????????????????????????????????????????????????????????????????????????????????????????????M??TM??????????????????????????????????????T?T???????????????????????????????????????????????????????????????
????????????????????T???????T?????????????????????????????????????????????????????????????????????????????????????????T??????????????????????M???T??????????????????????????????????????M?M???????????????????????????????????????????????????????????????
????????????????????M???????T??????????????????????????????????????????????????????????????T??????????????????????????M??????????????????????M????????????????M?????????????????????????T?M???????????????????????????????????????????????????????????????
????????????????????T???????T??????????????????????????????????????????????????????????????????????????????????????????????T?????????????????M??????????????????????????????????????????T?T???????????????????????????????????????????????????????????????
????????????????????T???????M?????????????????????????????????????????M????????????????????????????????????????????????????T?????????????????M??????????????????????????????????????????T?T?????????????????????????T?????????????????????????????????????
????????????????????M???????T?????????????????M?M?????????????????????T???????????????????T????????????????????????????????TT????????????????T???????????????????????????????????????????????????T????T?MM????M?????T?????????????????????????????????????
????????????????????T???????T?????????????????????????????????????????T???????????????????T???????????????????????????????M?TM??????????M????M???????????????????????????????T????????????????????????T?MT??????????M?????????????????????????????????????
????????????????????T???M??????????????????M??????????????????????????T???????????????????T?????????????????????????????????MM??????????T????M???????????????????????????????M???????????????????????????M??????T???T?????????????????????????????????????
M???????????????????T???T???????M??????????M????????????????????????????????????????????????????????????????????????????????M???????????M????M???????????????????????????????M??????????????????????T????M??????T???T?????????????????????????????????????
????????????????????T???M???????M?????????????????????????????????????????????????????????????????????????T??????????T??????M???????????T????????????????????????????????????M??????????????????????M????M??????M???T?????????????????????????????????????
????????????????????T???T???????T????????????????????????????????????????????????????????????????????????????????????M?T????T???????????T???M?????????????M??????????????????M??????????????????????T????M??????M???T?????????????????????????????????????
????????????????????T???T???????M????????T???????????????????????????????????????????????????????????????????????????T??????M???????????????M?????????????M?????????????????????????????????????????M???????????M???T?????????????????????????????????????
????????????????????T???????????MM???????????????????????????????T?T?????????????????????????????????????????????????M??????M???????????????M?????????????T??????????????M??????????????????????????T???????????M?????????????????????????????????????????
?????????????????M??T???????????MM???????????????????????????????T?T?????????????????????????????????????????????????M??????M???????????????T?????????????M??????????????T????????M?????????????????????????????M?M???????????????????????????????????????
??T??????????????M??T????????????M???????????????????????????????M?T?????????????????????????????????????????????????M??????M???????????????M?????????????M?????T????????T??????????????????????????????????????M?T???????????????????????????????????????
?????????????????M??T????????????M???????????????????????????????T?M????????????????????????????????????????????????????????M???????????????M?????????????M?????T????????T??????????????????????????????????????T?M???????????????????????????????????????
?????????????????M??T????????M???M?????????????????????????????????T????????????????????????????????????????????????????????????????M???????M?????????????T?????T???????????????????????????????????????????????M?T???????????????????????????????????????
?????????????????T????????T??M???M?????????????????????????????????T?????????????????T??????????????????????????????????????????????M???????M?????????????M???????????????????????????????????????????????????????T???????????????????????????????????????
?????????????????M????T??????T???M?????????????????????????????????T?????????????????T????????????????????????M?M???????????????????T???????M???????????????????????????????????????????????????T?????????????????M????????????????T??????????????????????
?????????????????M????T?????MT???M???M?????????????????????????????T?????????????????T??????????????????????????????????????????????M???????M????????????M???????M?????????????????????????????????????????T??????T????????????????T??????????????T???????
?????????????????M????T??????T???????M??????????????T??????????????T?????????????????????????????????????????M??????????????????????M????M??M????????????T???????T???????????????M???????????????????M?????M??????T????????????????T?????????????MM?M?????
T????????????????T????M??????T???????T??????????????T??????????????M?????????????????????????????????????????M??????????????????????M????T??M????????????M???????T????????T??????????????????????????T?????M???????????????????????T?????????????MM?M?????
?????????????????M????T??????T???????M??????????????T??????????????T????M???????????????????????????????????????????????????????????M???????M????????????M???????T????????T??????????????????????????M?????M???????????????????????T?????????????TM?M?????
?????????????????M????T??????T???????M??????????????M???????T??????T????????????????????????????????????????????????????????????????M???????T????????????M???????M????????T??????????????????????????M???????????????????????????????????????????TM?MM????
?????????????????M????T?M???????????????????????????T??????????????TM???????????????????????????????????????????????????????????????T???????M????????????????????T????????M??????????????????????????M????????????????????????????T??????????????TM?T?????
?????????????????M??????T??????????????????????????????????????????TM??????????????????????????M????????????????????????????????????M???????M????????T???????????T????????T???????????????????????????????????????????????????????T???????????????M?M?????
????????????????????????M???????????????????????????????????????????M??????????????????????????T??????????????????????????????????M?M???????M????????M?????????????????????????M??????????????????????????????????????????????????M?????????????????M?????
??T?????????????????????T???????????????????????????????????????????T??????????????????????????M??????????????????????T???????????T?M????????????????M????????M????????????????M?????????????????????????????????????????????????TT???????????????????????
?TM?????????????????????M????????????????????????????????????????M??T??????????????????????????M??????????????????????T?????????????M???????????????MT?????????????????????????????????????????M?????????????????????????????????MT?M?????????????????????
?MM?????????????????????M????????????????????????????????????????M??M????????????????????????????????????????????????????????????????M???????????????M?????M???????????????????????????????M???T?????????????????????????????????TM?T?????????????????????
?TM?????????????????????M?T??????????????????????????????T???????M??M??????M???????????????????????????????????????????????????????????????????????????????M???????????????????????????????M???T?????????????????????????????????TT?M?????????????????????
?MM?????????????????????M?M?????????T????????????????????????????M??M?????????????????????????????????????????T????????????????????????????????????????????M??????????T????????????????????????T????????????????????????????????????M?????????????????????
?MM?????????????????????T?M?????????M????????????????????????????M??M?????M????????????????????????????????????M???????????????????????????????????????????M??????????TM???????????????????????T???????M??????????????????T?????????M?????????????????????
?MM?????????????????????M???????????M????????????????????????????M??M?????M???????????????????????M?M???T??????T?????????????????????????????T????????????????????????MT???????????????????????M???????M??????????????????M???????????????????????????????
?M??????????????????????M???????????M????????????????????????????T??T?????T???????????????????????M?M???T??????T?????????????????????????????M????????????????????????TM???????????????????????T???????M??????????????????M??????????T????????????????????
?T????????????????T?????M???????????M????????????????????????????M??M?????M???????????????????????M?M???T??????T????????????????????????T????T????????????????????????TT???????????????????????T???????M??????????????????M????????M?T????????????????????
?M????TT??????????M?????M???????????M????T???????????????????????M??M?????M???????????????????M???TTM???M??????T????????????????????????M????T????M???????????????????TT???????????????????????T??M????T????????????T?????M???M????M?T????????????????????
?M????MM??????????T?????M???????????M????T????????????????T??????M??M?????M???????????????????M???MTT???T??????T????????????????????????T????T????T???M???????????????TT???????????????????????M??M??T?M????????????M?????T???M????M?T????????????????????
?M????TM?M????????T????TM???????????M????T????????????????M??????M??M?????M????????????M??????M???MMT???T??????T????????????????????????T????M????T???M????????M?T????TT???????????????????????T??M??T?T????????????M?????T???M????M?T????????????M??????M
?M???TTT?T??T?????M????TM???????????M????T????????????????M??????M??M?????M????????????T???T??T???MMM??MM???T??T?????M???M??????????????T???TM????T???M????????M?M????TT???????????????????????T??MT?T?T????????????M?????M???T????M?T????????T???T?M????T
?M???TTM?M??M?????T????TM??T????????M????T????????????????M??????M??M??M??T??T????M?T??TT??M??M???TMM?TMT???M??M?????M???T??M?????M?????T???TT????M???T???????TM?M????TM?M?????T?????????M?????T??MT?T?M???????????TM?????M???M????T?T???T????T???MTM????M
?M?M?MTM?M??M?M???T?M??TT??M??M????TM????T??MT???T?????T??T????T?M??T??T??M??M????T?T??MTM?M??MM??MMM?MTT???T??T?????MM??M??M?MM??TMT???T???MT????M?M?M???????MMMTM?MMTTMT??T??M???T????TMT??T?T??MT?T?M????????M??MM?????M???M????M?T???M????T???MTT?T?MT
?M?M?MMMTM??TTT???T?T??MM??M??T????TT????T??TTM?TT???M?T??M????M?M??MT?T??M??M????M?M??TTT?T?MTT??MMT?MTT???T??M?T???MM?MT?MM?MMMTTMTM?MT???MT????M?MMT???M???MTMMM?MMTTMM??M??T???T????MMT??M?M?MMT?M?M?????TT?T??TM?M???M???M????T?T?MMT????M???TTT?TTMT
?M?T?TTMTT??MMMTT?MTMT?MTT?T??MT??TTT?MT?TM?MTMMTM???TTT?TM????M?T??MT?T??TT?M????T?T??MTT?T?TTT??MMM?MMT???M??TTM???MM?TMTTM?MMTTMTTMTMM???TT????M?TTT???T?M?TMMTM?TTTTMT??T??M???M???TMTTT?M?TTTTM?MMMT????TT?T??TM?M???M???T??TTM?T?MTM????TM??MTM?TMMT
?M?T?TMMTM??MTMTT?TTTT?TTT?TT?TM?MMTM?TTTTM?TTTTMMMM?MMM?MTT???T?T??TMMT??MT?T????MTTM?TTMTT?MMM??MTM?TMT??MM?TTMM???MM?M????????????TTTT?T?MTT???M?TMM???M?M?TMMTM?TMTTTT??T??TM??M???MMTMT?M?TTTTM?TMMT???TMT?T??MM?T???T??TT??MMM?T?TMT???MTT??MTT?MMTM
?T?T?TTMTM??MMMTT?TMTT?TMMMTM?TT?TMTM?????????????TT?MTM?TMT?M?T?M??MTMM??MT?TT???TTTM?TTTTM?MMM??TMM?TMM??MT?TTTTTT?MT?????????????MTTTT?T?TTM???M?TMM???TMMMTMMTM?MTTMMT??T??TMM?M???TMTTT?TTTTTMM?MTMT???TMT?MTTMTMT??MM??MM??TTMTT?MMT??MMTM??TMM?MMMT
