3933
0 0 0 11
0 12 0 23
0 24 0 35
0 36 0 47
0 48 0 59
0 60 0 71
0 72 0 83
0 84 0 95
0 96 0 107
0 108 0 119
0 120 0 131
0 132 0 143
0 144 0 155
0 156 0 167
0 168 0 179
0 180 0 191
0 192 0 203
0 204 0 215
0 216 11 216
0 217 0 228
0 229 0 240
0 241 11 241
0 242 11 242
0 243 11 243
0 244 11 244
0 245 11 245
0 246 11 246
0 247 11 247
0 248 11 248
0 249 11 249
1 0 1 11
1 12 1 23
1 24 1 35
1 36 1 47
1 48 1 59
1 60 1 71
1 72 1 83
1 84 1 95
1 96 1 107
1 108 1 119
1 120 1 131
1 132 1 143
1 144 1 155
1 156 1 167
1 168 1 179
1 180 1 191
1 192 12 192
1 193 12 193
1 194 12 194
1 195 12 195
1 196 12 196
1 197 12 197
1 198 1 209
1 210 12 210
1 212 12 212
1 213 12 213
1 214 12 214
1 215 12 215
1 217 1 228
1 229 1 240
2 0 13 0
2 1 13 1
2 2 13 2
2 3 2 14
2 15 2 26
2 27 2 38
2 39 2 50
2 51 2 62
2 63 2 74
2 75 2 86
2 87 2 98
2 99 2 110
2 111 2 122
2 123 2 134
2 135 2 146
2 147 2 158
2 159 2 170
2 171 2 182
2 183 13 183
2 184 13 184
2 185 13 185
2 186 13 186
2 187 13 187
2 189 13 189
2 190 13 190
2 191 13 191
2 198 2 209
2 217 2 228
2 229 2 240
3 3 3 14
3 15 3 26
3 27 3 38
3 39 3 50
3 51 3 62
3 63 14 63
3 64 3 75
3 76 3 87
3 88 3 99
3 100 3 111
3 112 3 123
3 124 3 135
3 136 14 136
3 137 3 148
3 149 3 160
3 161 14 161
3 162 14 162
3 163 14 163
3 164 14 164
3 165 14 165
3 166 14 166
3 167 14 167
3 168 14 168
3 169 3 180
3 181 14 181
3 182 14 182
3 198 14 198
3 199 14 199
3 200 14 200
3 201 14 201
3 202 14 202
3 203 14 203
3 204 14 204
3 205 14 205
3 206 14 206
3 207 14 207
3 208 14 208
3 217 3 228
3 229 3 240
4 3 4 14
4 15 4 26
4 27 15 27
4 28 15 28
4 29 15 29
4 30 4 41
4 42 4 53
4 54 15 54
4 55 15 55
4 56 15 56
4 57 15 57
4 58 15 58
4 59 15 59
4 60 15 60
4 61 15 61
4 62 15 62
4 64 4 75
4 76 4 87
4 88 4 99
4 100 4 111
4 112 15 112
4 114 15 114
4 115 15 115
4 116 15 116
4 117 15 117
4 118 15 118
4 119 15 119
4 120 4 131
4 132 15 132
4 134 15 134
4 135 15 135
4 137 4 148
4 149 4 160
4 169 4 180
4 211 15 211
4 217 4 228
4 229 4 240
5 3 5 14
5 15 16 15
5 16 16 16
5 18 16 18
5 19 16 19
5 20 16 20
5 21 16 21
5 22 16 22
5 24 16 24
5 25 16 25
5 30 5 41
5 42 16 42
5 43 16 43
5 44 16 44
5 45 16 45
5 46 16 46
5 47 16 47
5 48 16 48
5 49 16 49
5 50 16 50
5 51 16 51
5 52 16 52
5 53 16 53
5 64 5 75
5 76 5 87
5 88 5 99
5 100 5 111
5 113 16 113
5 120 5 131
5 137 5 148
5 149 5 160
5 169 5 180
5 209 16 209
5 217 5 228
5 229 5 240
6 3 6 14
6 26 17 26
6 30 6 41
6 64 17 64
6 65 17 65
6 66 17 66
6 67 6 78
6 79 6 90
6 91 6 102
6 104 17 104
6 105 17 105
6 106 17 106
6 107 17 107
6 108 17 108
6 109 17 109
6 110 17 110
6 111 17 111
6 120 6 131
6 137 17 137
6 138 17 138
6 139 17 139
6 140 17 140
6 141 6 152
6 153 17 153
6 154 17 154
6 155 17 155
6 157 17 157
6 158 17 158
6 169 6 180
6 188 17 188
6 217 17 217
6 218 17 218
6 219 17 219
6 220 17 220
6 221 17 221
6 222 17 222
6 224 17 224
6 225 17 225
6 226 6 237
6 239 17 239
6 240 17 240
7 3 7 14
7 17 18 17
7 30 7 41
7 68 18 68
7 69 7 80
7 81 7 92
7 94 18 94
7 96 18 96
7 97 18 97
7 98 18 98
7 99 18 99
7 101 18 101
7 102 18 102
7 120 7 131
7 141 7 152
7 156 18 156
7 160 18 160
7 169 7 180
7 223 18 223
7 226 7 237
7 238 18 238
8 3 8 14
8 30 8 41
8 67 19 67
8 69 8 80
8 81 8 92
8 120 8 131
8 141 8 152
8 169 8 180
8 226 19 226
8 228 19 228
8 229 19 229
8 230 19 230
8 231 19 231
8 232 19 232
8 233 19 233
8 234 19 234
8 235 19 235
8 237 19 237
9 3 9 14
9 30 9 41
9 69 9 80
9 81 9 92
9 93 20 93
9 120 9 131
9 141 20 141
9 142 20 142
9 143 20 143
9 144 20 144
9 145 20 145
9 146 20 146
9 148 20 148
9 149 20 149
9 150 20 150
9 151 20 151
9 152 20 152
9 169 9 180
10 3 10 14
10 23 21 23
10 30 10 41
10 69 10 80
10 81 10 92
10 100 21 100
10 120 10 131
10 159 21 159
10 169 21 169
10 170 21 170
10 171 21 171
10 172 21 172
10 173 21 173
10 174 21 174
10 175 21 175
10 177 21 177
10 178 21 178
10 179 21 179
10 180 21 180
11 3 11 14
11 30 11 41
11 69 11 80
11 81 11 92
11 95 22 95
11 120 11 131
11 147 22 147
12 3 12 14
12 30 12 41
12 69 12 80
12 81 23 81
12 82 23 82
12 84 23 84
12 85 23 85
12 87 23 87
12 88 23 88
12 89 23 89
12 90 23 90
12 91 23 91
12 92 23 92
12 121 23 121
12 122 23 122
12 123 23 123
12 124 23 124
12 125 23 125
12 126 23 126
12 127 23 127
12 128 23 128
12 130 23 130
12 131 23 131
12 216 23 216
12 236 23 236
12 241 23 241
12 242 23 242
12 243 23 243
12 244 23 244
12 245 23 245
12 246 23 246
12 247 23 247
12 248 23 248
12 249 23 249
13 3 13 14
13 30 13 41
13 69 13 80
13 103 24 103
13 133 24 133
13 192 24 192
13 193 24 193
13 194 24 194
13 195 24 195
13 196 24 196
13 197 24 197
13 210 24 210
13 212 24 212
13 213 24 213
13 214 24 214
13 215 24 215
14 0 14 11
14 12 25 12
14 13 25 13
14 14 25 14
14 30 14 41
14 69 14 80
14 83 25 83
14 86 25 86
14 183 25 183
14 184 25 184
14 185 25 185
14 186 25 186
14 187 25 187
14 189 25 189
14 190 25 190
14 191 25 191
15 0 15 11
15 30 15 41
15 63 26 63
15 69 15 80
15 129 26 129
15 136 26 136
15 161 26 161
15 162 26 162
15 163 26 163
15 164 26 164
15 165 26 165
15 166 26 166
15 168 26 168
15 181 26 181
15 182 26 182
15 198 26 198
15 199 26 199
15 200 26 200
15 201 26 201
15 202 26 202
15 203 26 203
15 204 26 204
15 206 26 206
15 207 26 207
15 208 26 208
16 0 16 11
16 27 16 38
16 39 27 39
16 40 27 40
16 41 27 41
16 54 27 54
16 55 27 55
16 56 27 56
16 57 27 57
16 58 27 58
16 59 27 59
16 60 27 60
16 61 27 61
16 62 27 62
16 69 27 69
16 70 27 70
16 71 27 71
16 73 27 73
16 74 27 74
16 75 27 75
16 76 27 76
16 77 27 77
16 78 27 78
16 79 27 79
16 112 27 112
16 114 27 114
16 115 27 115
16 116 27 116
16 118 27 118
16 119 27 119
16 132 27 132
16 135 27 135
16 167 27 167
16 205 27 205
16 227 27 227
17 0 17 11
17 15 28 15
17 16 28 16
17 18 28 18
17 19 28 19
17 20 28 20
17 22 28 22
17 24 28 24
17 25 28 25
17 27 17 38
17 42 17 53
17 113 28 113
17 120 28 120
17 211 28 211
18 0 18 11
18 26 18 37
18 38 29 38
18 42 18 53
18 64 29 64
18 65 29 65
18 66 29 66
18 104 29 104
18 105 29 105
18 106 29 106
18 107 29 107
18 108 29 108
18 109 29 109
18 110 29 110
18 111 29 111
18 117 29 117
18 137 29 137
18 138 29 138
18 139 29 139
18 140 29 140
18 153 29 153
18 155 29 155
18 157 29 157
18 158 29 158
18 176 29 176
18 188 29 188
18 217 29 217
18 218 29 218
18 220 29 220
18 221 29 221
18 222 29 222
18 224 29 224
18 225 29 225
18 239 29 239
18 240 29 240
19 0 19 11
19 17 30 17
19 26 19 37
19 42 19 53
19 94 30 94
19 96 30 96
19 97 30 97
19 98 30 98
19 99 30 99
19 101 30 101
19 102 30 102
19 156 30 156
19 160 30 160
19 209 30 209
19 223 30 223
19 238 30 238
20 0 20 11
20 26 20 37
20 42 20 53
20 67 31 67
20 68 31 68
20 72 31 72
20 80 31 80
20 229 31 229
20 230 31 230
20 231 31 231
20 232 31 232
20 233 31 233
20 234 31 234
20 235 31 235
20 237 31 237
21 0 21 11
21 26 21 37
21 42 21 53
21 93 32 93
21 141 32 141
21 142 32 142
21 144 32 144
21 145 32 145
21 146 32 146
21 148 32 148
21 149 32 149
21 150 32 150
21 151 32 151
21 152 32 152
21 154 32 154
21 219 32 219
21 226 32 226
21 228 32 228
22 0 22 11
22 23 33 23
22 26 22 37
22 42 22 53
22 100 33 100
22 159 33 159
22 170 33 170
22 171 33 171
22 172 33 172
22 173 33 173
22 174 33 174
22 175 33 175
22 177 33 177
22 178 33 178
22 179 33 179
22 180 33 180
23 0 23 11
23 21 34 21
23 26 23 37
23 42 34 42
23 43 34 43
23 44 34 44
23 45 34 45
23 46 34 46
23 47 34 47
23 48 34 48
23 49 34 49
23 50 34 50
23 51 34 51
23 52 34 52
23 53 34 53
23 95 34 95
23 147 34 147
24 0 24 11
24 26 24 37
24 82 35 82
24 84 35 84
24 85 35 85
24 87 35 87
24 88 35 88
24 89 35 89
24 91 35 91
24 92 35 92
24 121 35 121
24 123 35 123
24 125 35 125
24 126 35 126
24 127 35 127
24 128 35 128
24 130 35 130
24 216 35 216
24 241 35 241
24 242 35 242
24 243 35 243
24 244 35 244
24 245 35 245
24 246 35 246
24 248 35 248
24 249 35 249
25 0 25 11
25 26 25 37
25 103 36 103
25 133 36 133
25 134 36 134
25 192 36 192
25 193 36 193
25 194 36 194
25 195 36 195
25 197 36 197
25 210 36 210
25 212 36 212
25 213 36 213
25 215 36 215
25 247 36 247
26 0 26 11
26 12 37 12
26 13 37 13
26 26 26 37
26 83 37 83
26 122 37 122
26 124 37 124
26 183 37 183
26 184 37 184
26 185 37 185
26 186 37 186
26 187 37 187
26 189 37 189
26 190 37 190
26 191 37 191
26 196 37 196
26 236 37 236
27 0 27 11
27 14 38 14
27 26 38 26
27 27 38 27
27 28 38 28
27 30 38 30
27 31 38 31
27 32 38 32
27 33 38 33
27 34 38 34
27 36 38 36
27 37 38 37
27 63 38 63
27 131 38 131
27 136 38 136
27 162 38 162
27 163 38 163
27 164 38 164
27 165 38 165
27 166 38 166
27 168 38 168
27 181 38 181
27 182 38 182
27 198 38 198
27 200 38 200
27 201 38 201
27 202 38 202
27 203 38 203
27 206 38 206
27 207 38 207
27 214 38 214
28 0 28 11
28 29 39 29
28 39 39 39
28 41 39 41
28 54 39 54
28 55 39 55
28 56 39 56
28 57 39 57
28 58 39 58
28 59 39 59
28 60 39 60
28 61 39 61
28 69 39 69
28 70 39 70
28 71 39 71
28 73 39 73
28 74 39 74
28 75 39 75
28 76 39 76
28 77 39 77
28 78 39 78
28 79 39 79
28 112 39 112
28 114 39 114
28 116 39 116
28 118 39 118
28 119 39 119
28 129 39 129
28 132 39 132
28 135 39 135
28 143 39 143
28 167 39 167
28 204 39 204
28 205 39 205
28 227 39 227
29 0 29 11
29 15 40 15
29 16 40 16
29 18 40 18
29 19 40 19
29 20 40 20
29 22 40 22
29 24 40 24
29 25 40 25
29 35 40 35
29 120 40 120
29 161 40 161
29 169 40 169
29 208 40 208
29 211 40 211
30 0 30 11
30 38 41 38
30 62 41 62
30 64 41 64
30 65 41 65
30 66 41 66
30 104 41 104
30 106 41 106
30 107 41 107
30 108 41 108
30 109 41 109
30 111 41 111
30 115 41 115
30 117 41 117
30 137 41 137
30 138 41 138
30 139 41 139
30 140 41 140
30 155 41 155
30 157 41 157
30 158 41 158
30 176 41 176
30 188 41 188
30 217 41 217
30 218 41 218
30 220 41 220
30 221 41 221
30 222 41 222
30 224 41 224
30 239 41 239
30 240 41 240
31 0 31 11
31 17 42 17
31 90 42 90
31 94 42 94
31 96 42 96
31 97 42 97
31 98 42 98
31 99 42 99
31 101 42 101
31 102 42 102
31 105 42 105
31 160 42 160
31 209 42 209
31 223 42 223
32 0 32 11
32 67 43 67
32 68 43 68
32 72 43 72
32 80 43 80
32 81 43 81
32 86 43 86
32 110 43 110
32 229 43 229
32 230 43 230
32 231 43 231
32 232 43 232
32 233 43 233
32 234 43 234
32 235 43 235
32 237 43 237
33 0 33 11
33 93 44 93
33 141 44 141
33 142 44 142
33 144 44 144
33 145 44 145
33 146 44 146
33 148 44 148
33 149 44 149
33 150 44 150
33 151 44 151
33 152 44 152
33 154 44 154
33 219 44 219
33 226 44 226
33 228 44 228
33 238 44 238
34 1 45 1
34 2 45 2
34 3 45 3
34 5 45 5
34 6 45 6
34 7 45 7
34 8 45 8
34 9 45 9
34 10 45 10
34 11 45 11
34 156 45 156
34 170 45 170
34 171 45 171
34 172 45 172
34 173 45 173
34 174 45 174
34 178 45 178
34 179 45 179
34 180 45 180
35 4 46 4
35 23 46 23
35 42 35 53
35 95 46 95
35 147 46 147
35 199 46 199
36 42 36 53
36 84 47 84
36 85 47 85
36 87 47 87
36 88 47 88
36 89 47 89
36 91 47 91
36 92 47 92
36 123 47 123
36 125 47 125
36 126 47 126
36 127 47 127
36 128 47 128
36 130 47 130
36 177 47 177
36 216 47 216
36 241 47 241
36 242 47 242
36 243 47 243
36 244 47 244
36 245 47 245
36 246 47 246
36 248 47 248
36 249 47 249
37 21 48 21
37 42 37 53
37 82 48 82
37 103 48 103
37 113 48 113
37 133 48 133
37 134 48 134
37 192 48 192
37 193 48 193
37 194 48 194
37 195 48 195
37 197 48 197
37 210 48 210
37 212 48 212
37 213 48 213
37 215 48 215
37 225 48 225
38 12 49 12
38 13 49 13
38 40 49 40
38 42 38 53
38 83 49 83
38 122 49 122
38 124 49 124
38 159 49 159
38 184 49 184
38 185 49 185
38 186 49 186
38 187 49 187
38 190 49 190
38 191 49 191
38 196 49 196
38 236 49 236
39 14 50 14
39 26 50 26
39 27 50 27
39 28 50 28
39 30 50 30
39 31 50 31
39 32 50 32
39 33 50 33
39 34 50 34
39 36 50 36
39 37 50 37
39 42 39 53
39 63 50 63
39 121 50 121
39 131 50 131
39 136 50 136
39 153 50 153
39 162 50 162
39 163 50 163
39 164 50 164
39 165 50 165
39 166 50 166
39 168 50 168
39 181 50 181
39 182 50 182
39 189 50 189
39 198 50 198
39 200 50 200
39 201 50 201
39 203 50 203
39 206 50 206
39 207 50 207
39 214 50 214
39 247 50 247
40 29 51 29
40 39 51 39
40 41 40 52
40 53 51 53
40 54 51 54
40 55 51 55
40 57 51 57
40 58 51 58
40 59 51 59
40 60 51 60
40 61 51 61
40 69 51 69
40 70 51 70
40 71 51 71
40 73 51 73
40 74 51 74
40 75 51 75
40 76 51 76
40 77 51 77
40 78 51 78
40 79 51 79
40 112 51 112
40 114 51 114
40 116 51 116
40 119 51 119
40 129 51 129
40 135 51 135
40 167 51 167
40 183 51 183
40 204 51 204
40 205 51 205
40 227 51 227
41 15 52 15
41 16 52 16
41 18 52 18
41 20 52 20
41 22 52 22
41 24 52 24
41 25 52 25
41 35 52 35
41 41 41 52
41 120 52 120
41 161 52 161
41 169 52 169
41 208 52 208
41 211 52 211
42 0 53 0
42 38 53 38
42 41 42 52
42 62 53 62
42 64 53 64
42 65 53 65
42 66 53 66
42 104 53 104
42 106 53 106
42 107 53 107
42 108 53 108
42 109 53 109
42 111 53 111
42 115 53 115
42 117 53 117
42 137 53 137
42 138 53 138
42 139 53 139
42 140 53 140
42 155 53 155
42 157 53 157
42 158 53 158
42 176 53 176
42 188 53 188
42 218 53 218
42 220 53 220
42 221 53 221
42 222 53 222
42 224 53 224
42 239 53 239
42 240 53 240
43 17 54 17
43 41 43 52
43 90 54 90
43 94 54 94
43 96 54 96
43 97 54 97
43 98 54 98
43 99 54 99
43 100 54 100
43 101 54 101
43 102 54 102
43 105 54 105
43 118 54 118
43 160 54 160
43 209 54 209
43 223 54 223
44 41 44 52
44 67 55 67
44 68 55 68
44 72 55 72
44 80 55 80
44 81 55 81
44 86 55 86
44 110 55 110
44 229 55 229
44 230 55 230
44 231 55 231
44 232 55 232
44 233 55 233
44 234 55 234
44 235 55 235
44 237 55 237
45 41 45 52
45 93 56 93
45 141 56 141
45 142 56 142
45 143 56 143
45 144 56 144
45 145 56 145
45 146 56 146
45 148 56 148
45 149 56 149
45 150 56 150
45 151 56 151
45 152 56 152
45 154 56 154
45 202 56 202
45 219 56 219
45 226 56 226
45 238 56 238
46 1 57 1
46 2 57 2
46 5 57 5
46 6 57 6
46 7 57 7
46 8 57 8
46 9 57 9
46 11 57 11
46 19 57 19
46 41 46 52
46 170 57 170
46 171 57 171
46 172 57 172
46 174 57 174
46 178 57 178
46 179 57 179
46 180 57 180
46 217 57 217
47 3 58 3
47 4 58 4
47 23 58 23
47 41 47 52
47 56 58 56
47 95 58 95
47 147 58 147
47 199 58 199
48 10 59 10
48 41 48 52
48 84 59 84
48 85 59 85
48 87 59 87
48 88 59 88
48 91 59 91
48 125 59 125
48 127 59 127
48 128 59 128
48 130 59 130
48 177 59 177
48 216 59 216
48 241 59 241
48 242 59 242
48 244 59 244
48 246 59 246
48 248 59 248
48 249 59 249
49 21 60 21
49 41 49 52
49 103 60 103
49 113 60 113
49 126 60 126
49 132 60 132
49 133 60 133
49 134 60 134
49 173 60 173
49 192 60 192
49 193 60 193
49 194 60 194
49 195 60 195
49 197 60 197
49 212 60 212
49 213 60 213
49 215 60 215
49 225 60 225
49 245 60 245
50 12 61 12
50 13 61 13
50 40 50 51
50 82 61 82
50 122 61 122
50 124 61 124
50 184 61 184
50 185 61 185
50 186 61 186
50 187 61 187
50 191 61 191
50 196 61 196
50 236 61 236
51 14 62 14
51 26 62 26
51 27 62 27
51 30 62 30
51 31 62 31
51 32 62 32
51 33 62 33
51 34 62 34
51 36 62 36
51 37 62 37
51 40 51 51
51 63 62 63
51 89 62 89
51 131 62 131
51 136 62 136
51 153 62 153
51 162 62 162
51 163 62 163
51 164 62 164
51 165 62 165
51 168 62 168
51 181 62 181
51 182 62 182
51 189 62 189
51 198 62 198
51 200 62 200
51 201 62 201
51 203 62 203
51 206 62 206
51 210 62 210
51 214 62 214
51 243 62 243
51 247 62 247
52 29 63 29
52 39 63 39
52 40 52 51
52 52 63 52
52 53 63 53
52 54 63 54
52 55 63 55
52 57 63 57
52 58 63 58
52 59 63 59
52 60 63 60
52 61 63 61
52 69 63 69
52 71 63 71
52 73 63 73
52 74 63 74
52 75 63 75
52 76 63 76
52 78 63 78
52 79 63 79
52 112 63 112
52 114 63 114
52 116 63 116
52 119 63 119
52 129 63 129
52 135 63 135
52 175 63 175
52 183 63 183
52 204 63 204
52 205 63 205
52 227 63 227
53 16 64 16
53 20 64 20
53 22 64 22
53 24 64 24
53 25 64 25
53 28 64 28
53 40 53 51
53 70 64 70
53 120 64 120
53 159 64 159
53 161 64 161
53 167 64 167
53 169 64 169
53 208 64 208
53 211 64 211
54 0 65 0
54 15 65 15
54 38 65 38
54 40 54 51
54 64 65 64
54 65 65 65
54 66 65 66
54 83 65 83
54 104 65 104
54 106 65 106
54 107 65 107
54 109 65 109
54 111 65 111
54 115 65 115
54 117 65 117
54 137 65 137
54 138 65 138
54 140 65 140
54 155 65 155
54 157 65 157
54 158 65 158
54 176 65 176
54 188 65 188
54 218 65 218
54 220 65 220
54 221 65 221
54 222 65 222
54 224 65 224
54 239 65 239
54 240 65 240
55 17 66 17
55 40 55 51
55 90 66 90
55 94 66 94
55 96 66 96
55 98 66 98
55 99 66 99
55 100 66 100
55 101 66 101
55 102 66 102
55 105 66 105
55 118 66 118
55 160 66 160
55 190 66 190
55 209 66 209
55 223 66 223
56 40 56 51
56 67 67 67
56 68 67 68
56 72 67 72
56 80 67 80
56 81 67 81
56 86 67 86
56 92 67 92
56 97 67 97
56 108 67 108
56 110 67 110
56 123 67 123
56 139 67 139
56 156 67 156
56 229 67 229
56 230 67 230
56 232 67 232
56 233 67 233
56 234 67 234
56 235 67 235
56 237 67 237
57 18 68 18
57 40 68 40
57 41 68 41
57 42 68 42
57 44 68 44
57 45 68 45
57 46 68 46
57 47 68 47
57 48 68 48
57 49 68 49
57 50 68 50
57 51 68 51
57 93 68 93
57 121 68 121
57 141 68 141
57 142 68 142
57 143 68 143
57 144 68 144
57 145 68 145
57 146 68 146
57 148 68 148
57 149 68 149
57 150 68 150
57 151 68 151
57 152 68 152
57 202 68 202
57 207 68 207
57 219 68 219
57 226 68 226
57 231 68 231
57 238 68 238
58 2 69 2
58 5 69 5
58 7 69 7
58 8 69 8
58 9 69 9
58 11 69 11
58 19 69 19
58 35 69 35
58 62 69 62
58 171 69 171
58 172 69 172
58 174 69 174
58 178 69 178
58 179 69 179
58 180 69 180
58 217 69 217
59 3 70 3
59 4 70 4
59 56 70 56
59 95 70 95
59 147 70 147
59 199 70 199
60 1 71 1
60 23 71 23
60 85 71 85
60 87 71 87
60 91 71 91
60 125 71 125
60 127 71 127
60 130 71 130
60 177 71 177
60 216 71 216
60 241 71 241
60 242 71 242
60 244 71 244
60 246 71 246
60 248 71 248
60 249 71 249
61 103 72 103
61 113 72 113
61 126 72 126
61 133 72 133
61 134 72 134
61 166 72 166
61 173 72 173
61 193 72 193
61 194 72 194
61 195 72 195
61 197 72 197
61 212 72 212
61 213 72 213
61 215 72 215
61 225 72 225
61 245 72 245
62 12 73 12
62 13 73 13
62 82 73 82
62 84 73 84
62 88 73 88
62 124 73 124
62 132 73 132
62 184 73 184
62 185 73 185
62 186 73 186
62 191 73 191
62 196 73 196
62 228 73 228
63 10 74 10
63 14 74 14
63 26 74 26
63 30 74 30
63 31 74 31
63 32 74 32
63 33 74 33
63 34 74 34
63 36 74 36
63 37 74 37
63 63 74 63
63 89 74 89
63 122 74 122
63 128 74 128
63 131 74 131
63 136 74 136
63 153 74 153
63 162 74 162
63 163 74 163
63 164 74 164
63 165 74 165
63 168 74 168
63 181 74 181
63 187 74 187
63 189 74 189
63 198 74 198
63 200 74 200
63 201 74 201
63 203 74 203
63 206 74 206
63 210 74 210
63 214 74 214
63 243 74 243
63 247 74 247
64 29 75 29
64 39 75 39
64 53 75 53
64 54 75 54
64 55 75 55
64 57 75 57
64 58 75 58
64 59 75 59
64 69 75 69
64 71 75 71
64 73 75 73
64 74 75 74
64 75 75 75
64 76 75 76
64 78 75 78
64 79 75 79
64 112 75 112
64 114 75 114
64 116 75 116
64 129 75 129
64 135 75 135
64 175 75 175
64 183 75 183
64 192 75 192
64 204 75 204
64 205 75 205
64 227 75 227
65 16 76 16
65 20 76 20
65 24 76 24
65 25 76 25
65 28 76 28
65 61 76 61
65 70 76 70
65 159 76 159
65 161 76 161
65 167 76 167
65 169 76 169
65 208 76 208
65 211 76 211
66 0 77 0
66 6 77 6
66 15 77 15
66 21 77 21
66 38 77 38
66 52 77 52
66 64 77 64
66 66 77 66
66 83 77 83
66 106 77 106
66 107 77 107
66 109 77 109
66 111 77 111
66 115 77 115
66 117 77 117
66 137 77 137
66 138 77 138
66 140 77 140
66 157 77 157
66 158 77 158
66 176 77 176
66 218 77 218
66 220 77 220
66 222 77 222
67 17 78 17
67 77 78 77
67 90 78 90
67 96 78 96
67 98 78 98
67 99 78 99
67 100 78 100
67 101 78 101
67 102 78 102
67 104 78 104
67 118 78 118
67 120 78 120
67 160 78 160
67 170 78 170
67 190 78 190
67 209 78 209
67 224 78 224
67 236 78 236
68 60 79 60
68 67 79 67
68 68 79 68
68 72 79 72
68 80 79 80
68 81 79 81
68 86 79 86
68 92 79 92
68 94 79 94
68 97 79 97
68 105 79 105
68 110 79 110
68 119 79 119
68 123 79 123
68 139 79 139
68 154 79 154
68 156 79 156
68 188 79 188
68 223 79 223
68 229 79 229
68 230 79 230
68 232 79 232
68 234 79 234
68 235 79 235
68 237 79 237
68 240 79 240
69 18 80 18
69 40 69 51
69 93 80 93
69 121 80 121
69 141 80 141
69 142 80 142
69 143 80 143
69 144 80 144
69 145 80 145
69 146 80 146
69 149 80 149
69 151 80 151
69 152 80 152
69 202 80 202
69 207 80 207
69 219 80 219
69 231 80 231
69 233 80 233
69 238 80 238
70 2 81 2
70 5 81 5
70 7 81 7
70 8 81 8
70 9 81 9
70 11 81 11
70 22 81 22
70 35 81 35
70 40 70 51
70 62 81 62
70 65 81 65
70 150 81 150
70 171 81 171
70 172 81 172
70 174 81 174
70 178 81 178
70 179 81 179
70 180 81 180
70 217 81 217
70 226 81 226
71 3 82 3
71 4 82 4
71 40 71 51
71 56 82 56
71 95 82 95
71 147 82 147
71 148 82 148
72 1 83 1
72 23 83 23
72 40 72 51
72 85 83 85
72 87 83 87
72 91 83 91
72 125 83 125
72 127 83 127
72 130 83 130
72 216 83 216
72 244 83 244
72 246 83 246
72 249 83 249
73 40 84 40
73 41 84 41
73 42 84 42
73 43 84 43
73 44 84 44
73 45 84 45
73 46 84 46
73 47 84 47
73 48 84 48
73 49 84 49
73 50 84 50
73 51 84 51
73 103 84 103
73 108 84 108
73 113 84 113
73 126 84 126
73 133 84 133
73 134 84 134
73 166 84 166
73 173 84 173
73 177 84 177
73 193 84 193
73 194 84 194
73 195 84 195
73 197 84 197
73 212 84 212
73 213 84 213
73 215 84 215
73 225 84 225
73 245 84 245
73 248 84 248
74 27 85 27
74 82 85 82
74 84 85 84
74 88 85 88
74 124 85 124
74 132 85 132
74 184 85 184
74 185 85 185
74 191 85 191
74 228 85 228
75 10 86 10
75 13 86 13
75 14 86 14
75 26 86 26
75 30 86 30
75 31 86 31
75 33 86 33
75 34 86 34
75 36 86 36
75 37 86 37
75 63 86 63
75 89 86 89
75 128 86 128
75 131 86 131
75 136 86 136
75 153 86 153
75 162 86 162
75 163 86 163
75 164 86 164
75 165 86 165
75 168 86 168
75 181 86 181
75 187 86 187
75 189 86 189
75 198 86 198
75 200 86 200
75 201 86 201
75 203 86 203
75 206 86 206
75 210 86 210
75 214 86 214
75 239 86 239
75 243 86 243
75 247 86 247
76 29 87 29
76 39 87 39
76 53 87 53
76 54 87 54
76 57 87 57
76 58 87 58
76 59 87 59
76 69 87 69
76 71 87 71
76 73 87 73
76 74 87 74
76 75 87 75
76 78 87 78
76 79 87 79
76 112 87 112
76 114 87 114
76 116 87 116
76 122 87 122
76 129 87 129
76 135 87 135
76 155 87 155
76 175 87 175
76 183 87 183
76 192 87 192
76 204 87 204
76 205 87 205
76 221 87 221
76 227 87 227
76 242 87 242
77 16 88 16
77 19 88 19
77 20 88 20
77 24 88 24
77 25 88 25
77 28 88 28
77 61 88 61
77 159 88 159
77 161 88 161
77 167 88 167
77 169 88 169
77 208 88 208
78 0 89 0
78 6 89 6
78 21 89 21
78 38 89 38
78 52 89 52
78 64 89 64
78 66 89 66
78 83 89 83
78 106 89 106
78 107 89 107
78 109 89 109
78 111 89 111
78 115 89 115
78 137 89 137
78 138 89 138
78 140 89 140
78 157 89 157
78 158 89 158
78 176 89 176
78 199 89 199
78 218 89 218
78 220 89 220
78 222 89 222
78 241 89 241
79 17 90 17
79 76 90 76
79 90 90 90
79 96 90 96
79 98 90 98
79 99 90 99
79 100 90 100
79 101 90 101
79 104 90 104
79 117 90 117
79 118 90 118
79 170 90 170
79 186 90 186
79 190 90 190
79 209 90 209
79 224 90 224
79 236 90 236
80 60 91 60
80 70 91 70
80 72 91 72
80 80 91 80
80 81 91 81
80 92 91 92
80 94 91 94
80 97 91 97
80 105 91 105
80 110 91 110
80 119 91 119
80 123 91 123
80 154 91 154
80 156 91 156
80 188 91 188
80 223 91 223
80 229 91 229
80 230 91 230
80 232 91 232
80 234 91 234
80 235 91 235
80 237 91 237
80 240 91 240
81 18 92 18
81 67 92 67
81 86 92 86
81 93 92 93
81 121 92 121
81 139 92 139
81 141 92 141
81 142 92 142
81 143 92 143
81 144 92 144
81 145 92 145
81 146 92 146
81 149 92 149
81 151 92 151
81 152 92 152
81 182 92 182
81 202 92 202
81 207 92 207
81 219 92 219
81 231 92 231
81 238 92 238
82 2 93 2
82 5 93 5
82 7 93 7
82 8 93 8
82 9 93 9
82 11 93 11
82 22 93 22
82 35 93 35
82 62 93 62
82 65 93 65
82 77 93 77
82 150 93 150
82 171 93 171
82 172 93 172
82 174 93 174
82 178 93 178
82 179 93 179
82 180 93 180
82 217 93 217
82 226 93 226
82 233 93 233
83 4 94 4
83 12 94 12
83 56 94 56
83 95 94 95
83 147 94 147
84 1 95 1
84 23 95 23
84 85 95 85
84 87 95 87
84 91 95 91
84 130 95 130
84 148 95 148
84 160 95 160
84 244 95 244
85 40 85 51
85 103 96 103
85 108 96 108
85 113 96 113
85 120 96 120
85 133 96 133
85 134 96 134
85 166 96 166
85 173 96 173
85 177 96 177
85 193 96 193
85 194 96 194
85 195 96 195
85 197 96 197
85 212 96 212
85 213 96 213
85 225 96 225
85 245 96 245
85 246 96 246
86 27 97 27
86 40 86 51
86 55 97 55
86 82 97 82
86 84 97 84
86 88 97 88
86 102 97 102
86 124 97 124
86 132 97 132
86 185 97 185
86 191 97 191
86 211 97 211
86 216 97 216
86 228 97 228
86 248 97 248
86 249 97 249
87 3 98 3
87 10 98 10
87 13 98 13
87 14 98 14
87 15 98 15
87 26 98 26
87 30 98 30
87 31 98 31
87 32 98 32
87 33 98 33
87 34 98 34
87 36 98 36
87 37 98 37
87 40 87 51
87 63 98 63
87 89 98 89
87 126 98 126
87 127 98 127
87 128 98 128
87 131 98 131
87 136 98 136
87 153 98 153
87 162 98 162
87 163 98 163
87 164 98 164
87 165 98 165
87 168 98 168
87 181 98 181
87 187 98 187
87 189 98 189
87 198 98 198
87 200 98 200
87 201 98 201
87 206 98 206
87 210 98 210
87 239 98 239
87 243 98 243
87 247 98 247
88 29 99 29
88 39 88 50
88 51 99 51
88 53 99 53
88 54 99 54
88 57 99 57
88 59 99 59
88 69 99 69
88 71 99 71
88 73 99 73
88 74 99 74
88 75 99 75
88 78 99 78
88 79 99 79
88 112 99 112
88 116 99 116
88 122 99 122
88 125 99 125
88 129 99 129
88 135 99 135
88 155 99 155
88 183 99 183
88 192 99 192
88 205 99 205
88 214 99 214
88 221 99 221
88 227 99 227
88 242 99 242
89 16 100 16
89 19 100 19
89 20 100 20
89 24 100 24
89 25 100 25
89 28 100 28
89 39 89 50
89 61 100 61
89 159 100 159
89 161 100 161
89 169 100 169
89 203 100 203
89 208 100 208
90 6 101 6
90 38 90 49
90 50 101 50
90 52 101 52
90 64 101 64
90 66 101 66
90 68 101 68
90 83 101 83
90 106 101 106
90 107 101 107
90 109 101 109
90 111 101 111
90 115 101 115
90 137 101 137
90 138 101 138
90 140 101 140
90 157 101 157
90 158 101 158
90 167 101 167
90 176 101 176
90 196 101 196
90 199 101 199
90 204 101 204
90 218 101 218
90 222 101 222
90 241 101 241
91 17 102 17
91 38 91 49
91 76 102 76
91 90 102 90
91 96 102 96
91 98 102 98
91 99 102 99
91 100 102 100
91 104 102 104
91 117 102 117
91 118 102 118
91 170 102 170
91 175 102 175
91 186 102 186
91 190 102 190
91 209 102 209
91 215 102 215
91 236 102 236
92 38 92 49
92 60 103 60
92 70 103 70
92 72 103 72
92 80 103 80
92 92 103 92
92 97 103 97
92 101 103 101
92 105 103 105
92 119 103 119
92 123 103 123
92 154 103 154
92 188 103 188
92 223 103 223
92 229 103 229
92 230 103 230
92 232 103 232
92 234 103 234
92 235 103 235
92 237 103 237
92 240 103 240
93 38 93 49
93 67 104 67
93 86 104 86
93 93 104 93
93 139 104 139
93 141 104 141
93 142 104 142
93 143 104 143
93 144 104 144
93 145 104 145
93 146 104 146
93 149 104 149
93 151 104 151
93 152 104 152
93 182 104 182
93 184 104 184
93 202 104 202
93 207 104 207
93 219 104 219
93 231 104 231
93 238 104 238
94 2 105 2
94 5 105 5
94 7 105 7
94 8 105 8
94 9 105 9
94 11 105 11
94 22 105 22
94 35 105 35
94 38 94 49
94 58 105 58
94 62 105 62
94 65 105 65
94 77 105 77
94 94 105 94
94 171 105 171
94 172 105 172
94 174 105 174
94 178 105 178
94 179 105 179
94 180 105 180
94 220 105 220
94 224 105 224
94 226 105 226
94 233 105 233
95 4 106 4
95 12 106 12
95 38 95 49
95 56 106 56
95 95 106 95
95 110 106 110
95 147 106 147
95 150 106 150
96 1 107 1
96 23 107 23
96 38 96 49
96 85 107 85
96 87 107 87
96 91 107 91
96 130 107 130
96 160 107 160
96 244 107 244
97 38 97 49
97 103 108 103
97 108 108 108
97 134 108 134
97 166 108 166
97 177 108 177
97 193 108 193
97 194 108 194
97 195 108 195
97 197 108 197
97 212 108 212
97 213 108 213
97 225 108 225
97 245 108 245
98 27 109 27
98 38 98 49
98 82 109 82
98 84 109 84
98 88 109 88
98 102 109 102
98 120 109 120
98 124 109 124
98 132 109 132
98 156 109 156
98 185 109 185
98 191 109 191
98 211 109 211
98 228 109 228
98 248 109 248
99 3 110 3
99 13 110 13
99 14 110 14
99 15 110 15
99 26 110 26
99 30 110 30
99 31 110 31
99 32 110 32
99 33 110 33
99 34 110 34
99 36 99 47
99 48 110 48
99 49 110 49
99 55 110 55
99 63 110 63
99 81 110 81
99 89 110 89
99 126 110 126
99 127 110 127
99 128 110 128
99 131 110 131
99 133 110 133
99 136 110 136
99 153 110 153
99 162 110 162
99 163 110 163
99 164 110 164
99 165 110 165
99 168 110 168
99 181 110 181
99 187 110 187
99 189 110 189
99 198 110 198
99 200 110 200
99 201 110 201
99 206 110 206
99 239 110 239
99 243 110 243
99 246 110 246
99 247 110 247
100 0 111 0
100 36 100 47
100 51 111 51
100 53 111 53
100 54 111 54
100 57 111 57
100 59 111 59
100 69 111 69
100 71 111 71
100 73 111 73
100 74 111 74
100 75 111 75
100 78 111 78
100 79 111 79
100 112 111 112
100 113 111 113
100 116 111 116
100 122 111 122
100 125 111 125
100 129 111 129
100 135 111 135
100 173 111 173
100 192 111 192
100 205 111 205
100 214 111 214
100 227 111 227
100 242 111 242
101 16 112 16
101 19 112 19
101 21 112 21
101 24 112 24
101 25 112 25
101 28 112 28
101 36 101 47
101 61 112 61
101 114 112 114
101 121 112 121
101 161 112 161
101 183 112 183
101 203 112 203
101 208 112 208
102 6 113 6
102 20 113 20
102 36 102 47
102 50 113 50
102 52 113 52
102 66 113 66
102 68 113 68
102 83 113 83
102 107 113 107
102 109 113 109
102 111 113 111
102 115 113 115
102 137 113 137
102 138 113 138
102 157 113 157
102 158 113 158
102 167 113 167
102 176 113 176
102 196 113 196
102 199 113 199
102 204 113 204
102 217 113 217
102 218 113 218
102 221 113 221
102 222 113 222
102 241 113 241
103 17 114 17
103 36 103 47
103 64 114 64
103 76 114 76
103 96 114 96
103 98 114 98
103 100 114 100
103 104 114 104
103 106 114 106
103 117 114 117
103 140 114 140
103 170 114 170
103 186 114 186
103 190 114 190
103 209 114 209
103 215 114 215
103 236 114 236
104 36 104 47
104 60 115 60
104 72 115 72
104 80 115 80
104 92 115 92
104 97 115 97
104 101 115 101
104 105 115 105
104 119 115 119
104 123 115 123
104 154 115 154
104 188 115 188
104 223 115 223
104 229 115 229
104 230 115 230
104 234 115 234
104 235 115 235
104 237 115 237
104 240 115 240
105 18 116 18
105 36 105 47
105 86 116 86
105 139 116 139
105 141 116 141
105 142 116 142
105 143 116 143
105 144 116 144
105 145 116 145
105 146 116 146
105 149 116 149
105 151 116 151
105 152 116 152
105 182 116 182
105 184 116 184
105 202 116 202
105 207 116 207
105 219 116 219
105 231 116 231
106 2 117 2
106 5 117 5
106 7 117 7
106 22 117 22
106 35 106 46
106 47 117 47
106 58 117 58
106 62 117 62
106 65 117 65
106 67 117 67
106 77 117 77
106 93 117 93
106 94 117 94
106 99 117 99
106 169 117 169
106 171 117 171
106 172 117 172
106 174 117 174
106 179 117 179
106 180 117 180
106 220 117 220
106 224 117 224
106 226 117 226
106 233 117 233
107 4 118 4
107 10 118 10
107 35 107 46
107 56 118 56
107 95 118 95
107 110 118 110
107 118 118 118
107 147 118 147
107 178 118 178
107 210 118 210
107 216 118 216
108 1 119 1
108 9 119 9
108 11 119 11
108 23 119 23
108 35 108 46
108 87 119 87
108 91 119 91
108 130 119 130
108 159 119 159
108 160 119 160
108 175 119 175
108 244 119 244
108 249 119 249
109 8 120 8
109 35 109 46
109 103 120 103
109 108 120 108
109 134 120 134
109 166 120 166
109 193 120 193
109 195 120 195
109 197 120 197
109 212 120 212
109 213 120 213
109 225 120 225
109 238 120 238
109 245 120 245
110 27 121 27
110 29 121 29
110 35 110 46
110 82 121 82
110 84 121 84
110 88 121 88
110 102 121 102
110 124 121 124
110 132 121 132
110 148 121 148
110 150 121 150
110 156 121 156
110 185 121 185
110 191 121 191
110 194 121 194
110 211 121 211
110 228 121 228
110 232 121 232
110 248 121 248
111 3 122 3
111 13 122 13
111 14 122 14
111 15 122 15
111 26 122 26
111 30 122 30
111 31 111 42
111 44 122 44
111 45 122 45
111 46 122 46
111 48 122 48
111 49 122 49
111 55 122 55
111 63 122 63
111 81 122 81
111 85 122 85
111 89 122 89
111 120 122 120
111 126 122 126
111 127 122 127
111 128 122 128
111 131 122 131
111 133 122 133
111 136 122 136
111 153 122 153
111 155 122 155
111 162 122 162
111 163 122 163
111 164 122 164
111 165 122 165
111 168 122 168
111 181 122 181
111 187 122 187
111 189 122 189
111 198 122 198
111 200 122 200
111 201 122 201
111 206 122 206
111 239 122 239
111 243 122 243
111 246 122 246
111 247 122 247
112 0 123 0
112 31 112 42
112 43 123 43
112 51 123 51
112 53 123 53
112 54 123 54
112 57 123 57
112 69 123 69
112 71 123 71
112 75 123 75
112 78 123 78
112 112 123 112
112 113 123 113
112 122 123 122
112 125 123 125
112 129 123 129
112 135 123 135
112 173 123 173
112 192 123 192
112 205 123 205
112 214 123 214
112 227 123 227
112 242 123 242
113 16 124 16
113 19 124 19
113 21 124 21
113 24 124 24
113 25 124 25
113 31 124 31
113 33 124 33
113 34 124 34
113 35 124 35
113 36 124 36
113 37 124 37
113 38 124 38
113 39 124 39
113 40 124 40
113 42 124 42
113 61 124 61
113 114 124 114
113 161 124 161
113 183 124 183
113 203 124 203
113 208 124 208
114 6 125 6
114 20 125 20
114 28 125 28
114 41 125 41
114 50 125 50
114 52 125 52
114 59 125 59
114 66 125 66
114 68 125 68
114 74 125 74
114 83 125 83
114 107 125 107
114 109 125 109
114 111 125 111
114 115 125 115
114 137 125 137
114 138 125 138
114 157 125 157
114 158 125 158
114 167 125 167
114 176 125 176
114 177 125 177
114 196 125 196
114 199 125 199
114 204 125 204
114 217 125 217
114 218 125 218
114 221 125 221
114 222 125 222
114 241 125 241
115 73 126 73
115 76 126 76
115 96 126 96
115 98 126 98
115 100 126 100
115 104 126 104
115 106 126 106
115 116 126 116
115 117 126 117
115 140 126 140
115 170 126 170
115 190 126 190
115 209 126 209
115 236 126 236
116 17 127 17
116 64 127 64
116 72 127 72
116 80 127 80
116 92 127 92
116 97 127 97
116 101 127 101
116 105 127 105
116 119 127 119
116 123 127 123
116 154 127 154
116 186 127 186
116 188 127 188
116 215 127 215
116 223 127 223
116 229 127 229
116 230 127 230
116 234 127 234
116 235 127 235
116 237 127 237
117 18 128 18
117 60 128 60
117 86 128 86
117 139 128 139
117 141 128 141
117 143 128 143
117 144 128 144
117 145 128 145
117 146 128 146
117 149 128 149
117 151 128 151
117 152 128 152
117 182 128 182
117 207 128 207
117 219 128 219
117 231 128 231
117 240 128 240
118 2 129 2
118 5 129 5
118 7 129 7
118 47 129 47
118 58 129 58
118 62 129 62
118 65 129 65
118 67 129 67
118 77 129 77
118 79 129 79
118 93 129 93
118 94 129 94
118 99 129 99
118 171 129 171
118 174 129 174
118 179 129 179
118 180 129 180
118 220 129 220
118 224 129 224
118 226 129 226
118 233 129 233
119 4 130 4
119 10 130 10
119 56 130 56
119 95 130 95
119 110 130 110
119 118 130 118
119 147 130 147
119 178 130 178
119 202 130 202
119 210 130 210
119 216 130 216
120 1 131 1
120 9 131 9
120 11 131 11
120 23 131 23
120 87 131 87
120 91 131 91
120 130 131 130
120 159 131 159
120 160 131 160
120 175 131 175
120 244 131 244
120 249 131 249
121 8 132 8
121 103 132 103
121 108 132 108
121 121 132 121
121 134 132 134
121 193 132 193
121 195 132 195
121 212 132 212
121 213 132 213
121 225 132 225
121 238 132 238
121 245 132 245
122 27 133 27
122 29 133 29
122 70 133 70
122 82 133 82
122 84 133 84
122 88 133 88
122 90 133 90
122 102 133 102
122 124 133 124
122 132 133 132
122 148 133 148
122 150 133 150
122 156 133 156
122 185 133 185
122 191 133 191
122 211 133 211
122 228 133 228
122 232 133 232
122 248 133 248
123 3 134 3
123 14 134 14
123 26 134 26
123 30 134 30
123 32 134 32
123 44 134 44
123 45 134 45
123 46 134 46
123 48 134 48
123 49 134 49
123 55 134 55
123 63 134 63
123 85 134 85
123 89 134 89
123 120 134 120
123 126 134 126
123 127 134 127
123 131 134 131
123 133 134 133
123 136 134 136
123 142 134 142
123 155 134 155
123 162 134 162
123 164 134 164
123 165 134 165
123 168 134 168
123 172 134 172
123 181 134 181
123 187 134 187
123 189 134 189
123 198 134 198
123 200 134 200
123 201 134 201
123 206 134 206
123 239 134 239
123 243 134 243
123 246 134 246
124 13 135 13
124 22 135 22
124 43 135 43
124 51 135 51
124 53 135 53
124 54 135 54
124 57 135 57
124 69 135 69
124 71 135 71
124 75 135 75
124 112 135 112
124 113 135 113
124 122 135 122
124 125 135 125
124 128 135 128
124 129 135 129
124 135 135 135
124 169 135 169
124 173 135 173
124 192 135 192
124 205 135 205
124 214 135 214
124 227 135 227
124 247 135 247
125 15 136 15
125 16 136 16
125 19 136 19
125 21 136 21
125 24 136 24
125 25 136 25
125 31 136 31
125 34 136 34
125 36 136 36
125 37 136 37
125 38 136 38
125 39 136 39
125 40 136 40
125 42 136 42
125 61 136 61
125 78 136 78
125 114 136 114
125 153 136 153
125 161 136 161
125 166 136 166
125 183 136 183
125 197 136 197
125 203 136 203
125 208 136 208
125 242 136 242
126 0 137 0
126 20 137 20
126 28 137 28
126 41 137 41
126 50 137 50
126 52 137 52
126 59 137 59
126 74 137 74
126 83 137 83
126 107 137 107
126 109 137 109
126 111 137 111
126 115 137 115
126 137 137 137
126 138 137 138
126 157 137 157
126 158 137 158
126 167 137 167
126 176 137 176
126 177 137 177
126 196 137 196
126 199 137 199
126 204 137 204
126 217 137 217
126 218 137 218
126 221 137 221
126 241 137 241
127 35 138 35
127 76 138 76
127 96 138 96
127 98 138 98
127 100 138 100
127 104 138 104
127 106 138 106
127 116 138 116
127 117 138 117
127 140 138 140
127 170 138 170
127 190 138 190
127 209 138 209
127 236 138 236
128 64 139 64
128 72 139 72
128 80 139 80
128 92 139 92
128 97 139 97
128 101 139 101
128 105 139 105
128 119 139 119
128 154 139 154
128 186 139 186
128 188 139 188
128 215 139 215
128 223 139 223
128 229 139 229
128 230 139 230
128 234 139 234
128 235 139 235
129 18 140 18
129 60 140 60
129 73 140 73
129 86 140 86
129 139 140 139
129 141 140 141
129 143 140 143
129 145 140 145
129 146 140 146
129 149 140 149
129 151 140 151
129 152 140 152
129 182 140 182
129 184 140 184
129 207 140 207
129 219 140 219
129 240 140 240
130 2 141 2
130 5 141 5
130 6 141 6
130 7 141 7
130 62 141 62
130 65 141 65
130 66 141 66
130 67 141 67
130 68 141 68
130 79 141 79
130 94 141 94
130 99 141 99
130 144 141 144
130 171 141 171
130 179 141 179
130 180 141 180
130 194 141 194
130 220 141 220
130 222 141 222
130 224 141 224
130 226 141 226
130 231 141 231
131 4 142 4
131 10 142 10
131 17 142 17
131 56 142 56
131 58 142 58
131 95 142 95
131 118 142 118
131 147 142 147
131 163 142 163
131 178 142 178
131 202 142 202
131 210 142 210
131 216 142 216
132 9 143 9
132 11 143 11
132 23 143 23
132 87 143 87
132 91 143 91
132 130 143 130
132 159 143 159
132 160 143 160
132 175 143 175
132 244 143 244
132 249 143 249
133 8 144 8
133 12 144 12
133 103 144 103
133 108 144 108
133 121 144 121
133 123 144 123
133 195 144 195
133 213 144 213
133 225 144 225
133 238 144 238
134 1 145 1
134 27 145 27
134 29 145 29
134 70 145 70
134 77 145 77
134 82 145 82
134 84 145 84
134 88 145 88
134 90 145 90
134 93 145 93
134 102 145 102
134 132 145 132
134 148 145 148
134 185 145 185
134 191 145 191
134 211 145 211
134 212 145 212
134 228 145 228
134 233 145 233
135 3 146 3
135 14 146 14
135 26 146 26
135 30 146 30
135 44 146 44
135 45 146 45
135 46 146 46
135 48 146 48
135 49 146 49
135 55 146 55
135 63 146 63
135 85 146 85
135 89 146 89
135 120 146 120
135 124 146 124
135 126 146 126
135 127 146 127
135 131 146 131
135 133 146 133
135 155 146 155
135 162 146 162
135 164 146 164
135 165 146 165
135 168 146 168
135 172 146 172
135 181 146 181
135 187 146 187
135 189 146 189
135 193 146 193
135 198 146 198
135 200 146 200
135 201 146 201
135 206 146 206
135 239 146 239
135 246 146 246
135 248 146 248
136 13 147 13
136 22 147 22
136 51 147 51
136 53 147 53
136 54 147 54
136 57 147 57
136 69 147 69
136 75 147 75
136 112 147 112
136 113 147 113
136 122 147 122
136 125 147 125
136 128 147 128
136 129 147 129
136 135 147 135
136 136 147 136
136 173 147 173
136 192 147 192
136 205 147 205
136 214 147 214
136 227 147 227
136 232 147 232
136 247 147 247
137 15 148 15
137 16 148 16
137 19 148 19
137 21 148 21
137 24 148 24
137 25 148 25
137 31 148 31
137 34 148 34
137 36 148 36
137 37 148 37
137 38 148 38
137 39 148 39
137 40 148 40
137 42 148 42
137 43 148 43
137 47 148 47
137 61 148 61
137 114 148 114
137 134 148 134
137 153 148 153
137 161 148 161
137 166 148 166
137 183 148 183
137 203 148 203
137 208 148 208
137 242 148 242
138 0 149 0
138 32 149 32
138 41 149 41
138 50 149 50
138 52 149 52
138 59 149 59
138 74 149 74
138 83 149 83
138 107 149 107
138 109 149 109
138 111 149 111
138 137 149 137
138 138 149 138
138 142 149 142
138 167 149 167
138 176 149 176
138 177 149 177
138 196 149 196
138 199 149 199
138 204 149 204
138 217 149 217
138 218 149 218
138 221 149 221
138 237 149 237
138 241 149 241
139 78 150 78
139 96 150 96
139 98 150 98
139 100 150 100
139 104 150 104
139 106 150 106
139 115 150 115
139 116 150 116
139 117 150 117
139 140 150 140
139 157 150 157
139 170 150 170
139 190 150 190
139 209 150 209
139 236 150 236
140 20 151 20
140 64 151 64
140 72 151 72
140 80 151 80
140 92 151 92
140 97 151 97
140 101 151 101
140 105 151 105
140 119 151 119
140 154 151 154
140 186 151 186
140 188 151 188
140 215 151 215
140 223 151 223
140 229 151 229
140 230 151 230
140 234 151 234
140 235 151 235
140 245 151 245
141 18 152 18
141 60 152 60
141 76 152 76
141 86 152 86
141 139 152 139
141 141 152 141
141 143 152 143
141 145 152 145
141 151 152 151
141 152 152 152
141 182 152 182
141 184 152 184
141 219 152 219
142 6 153 6
142 7 153 7
142 33 153 33
142 62 153 62
142 65 153 65
142 66 153 66
142 67 153 67
142 68 153 68
142 79 153 79
142 81 153 81
142 94 153 94
142 99 153 99
142 144 153 144
142 146 153 146
142 169 153 169
142 171 153 171
142 174 153 174
142 180 153 180
142 194 153 194
142 220 153 220
142 222 153 222
142 224 153 224
142 226 153 226
143 4 154 4
143 10 154 10
143 17 154 17
143 28 154 28
143 56 154 56
143 58 154 58
143 73 154 73
143 95 154 95
143 118 154 118
143 147 154 147
143 149 154 149
143 150 154 150
143 163 154 163
143 178 154 178
143 202 154 202
143 210 154 210
143 216 154 216
143 240 154 240
144 2 155 2
144 9 155 9
144 11 155 11
144 23 155 23
144 87 155 87
144 91 155 91
144 130 155 130
144 158 155 158
144 159 155 159
144 160 155 160
144 175 155 175
144 207 155 207
144 249 155 249
145 5 156 5
145 12 156 12
145 103 156 103
145 108 156 108
145 121 156 121
145 123 156 123
145 195 156 195
145 225 156 225
145 238 156 238
146 1 157 1
146 27 157 27
146 29 157 29
146 70 157 70
146 71 157 71
146 77 157 77
146 82 157 82
146 84 157 84
146 88 157 88
146 102 157 102
146 132 157 132
146 148 157 148
146 185 157 185
146 191 157 191
146 211 157 211
146 212 157 212
146 228 157 228
146 233 157 233
146 243 157 243
147 3 158 3
147 14 158 14
147 26 158 26
147 30 158 30
147 35 158 35
147 44 158 44
147 45 158 45
147 46 158 46
147 48 158 48
147 49 158 49
147 55 158 55
147 63 158 63
147 85 158 85
147 89 158 89
147 90 158 90
147 124 158 124
147 126 158 126
147 127 158 127
147 131 158 131
147 133 158 133
147 155 158 155
147 162 158 162
147 164 158 164
147 165 158 165
147 168 158 168
147 172 158 172
147 179 158 179
147 187 158 187
147 189 158 189
147 193 158 193
147 198 158 198
147 200 158 200
147 201 158 201
147 206 158 206
147 246 158 246
147 248 158 248
148 8 159 8
148 13 159 13
148 22 159 22
148 53 159 53
148 57 159 57
148 69 159 69
148 75 159 75
148 93 159 93
148 110 159 110
148 112 159 112
148 113 159 113
148 120 159 120
148 122 159 122
148 125 159 125
148 128 159 128
148 129 159 129
148 135 159 135
148 136 159 136
148 173 159 173
148 192 159 192
148 205 159 205
148 214 159 214
148 227 159 227
148 231 159 231
148 232 159 232
148 247 159 247
149 15 160 15
149 16 160 16
149 19 160 19
149 21 160 21
149 24 160 24
149 25 160 25
149 31 160 31
149 34 160 34
149 36 160 36
149 37 160 37
149 38 160 38
149 39 160 39
149 42 160 42
149 43 160 43
149 47 160 47
149 54 160 54
149 134 160 134
149 153 160 153
149 156 160 156
149 161 160 161
149 166 160 166
149 183 160 183
149 203 160 203
149 208 160 208
149 239 160 239
149 242 160 242
150 0 161 0
150 32 161 32
150 40 161 40
150 50 161 50
150 51 161 51
150 52 161 52
150 59 161 59
150 74 161 74
150 83 161 83
150 107 161 107
150 109 161 109
150 111 161 111
150 137 161 137
150 138 161 138
150 142 161 142
150 167 161 167
150 176 161 176
150 177 161 177
150 196 161 196
150 197 161 197
150 199 161 199
150 204 161 204
150 218 161 218
150 221 161 221
150 237 161 237
150 241 161 241
150 244 161 244
151 61 162 61
151 78 162 78
151 98 162 98
151 100 162 100
151 104 162 104
151 106 162 106
151 114 162 114
151 115 162 115
151 117 162 117
151 157 162 157
151 170 162 170
151 190 162 190
151 209 162 209
151 213 162 213
151 217 162 217
151 236 162 236
152 64 163 64
152 72 163 72
152 80 163 80
152 92 163 92
152 96 163 96
152 97 163 97
152 101 163 101
152 105 163 105
152 116 163 116
152 119 163 119
152 140 163 140
152 154 163 154
152 181 163 181
152 188 163 188
152 215 163 215
152 229 163 229
152 230 163 230
152 234 163 234
152 235 163 235
153 18 164 18
153 41 164 41
153 60 164 60
153 76 164 76
153 86 164 86
153 139 164 139
153 143 164 143
153 151 164 151
153 152 164 152
153 182 164 182
153 219 164 219
153 245 164 245
154 6 165 6
154 7 165 7
154 33 165 33
154 62 165 62
154 65 165 65
154 66 165 66
154 67 165 67
154 68 165 68
154 79 165 79
154 81 165 81
154 94 165 94
154 99 165 99
154 146 165 146
154 169 165 169
154 171 165 171
154 174 165 174
154 180 165 180
154 194 165 194
154 220 165 220
154 222 165 222
154 223 165 223
154 224 165 224
154 226 165 226
155 4 166 4
155 10 166 10
155 17 166 17
155 56 166 56
155 58 166 58
155 73 166 73
155 95 166 95
155 144 166 144
155 147 166 147
155 149 166 149
155 150 166 150
155 163 166 163
155 178 166 178
155 202 166 202
155 210 166 210
155 216 166 216
155 240 166 240
156 2 167 2
156 9 167 9
156 11 167 11
156 23 167 23
156 87 167 87
156 130 167 130
156 145 167 145
156 159 167 159
156 160 167 160
156 175 167 175
156 207 167 207
156 249 167 249
157 5 168 5
157 12 168 12
157 91 168 91
157 103 168 103
157 108 168 108
157 118 168 118
157 121 168 121
157 158 168 158
157 195 168 195
157 225 168 225
157 238 168 238
158 1 169 1
158 27 169 27
158 29 169 29
158 71 169 71
158 77 169 77
158 82 169 82
158 84 169 84
158 88 169 88
158 102 169 102
158 132 169 132
158 148 169 148
158 185 169 185
158 191 169 191
158 211 169 211
158 228 169 228
158 233 169 233
158 243 169 243
159 3 170 3
159 14 170 14
159 26 170 26
159 30 170 30
159 35 170 35
159 44 170 44
159 45 170 45
159 49 170 49
159 55 170 55
159 63 170 63
159 85 170 85
159 89 170 89
159 126 170 126
159 127 170 127
159 131 170 131
159 133 170 133
159 155 170 155
159 162 170 162
159 164 170 164
159 165 170 165
159 168 170 168
159 172 170 172
159 179 170 179
159 184 170 184
159 186 170 186
159 187 170 187
159 189 170 189
159 246 170 246
159 248 170 248
160 8 171 8
160 13 171 13
160 22 171 22
160 46 171 46
160 48 171 48
160 53 171 53
160 57 171 57
160 69 171 69
160 75 171 75
160 93 171 93
160 110 171 110
160 112 171 112
160 113 171 113
160 120 171 120
160 123 171 123
160 128 171 128
160 129 171 129
160 135 171 135
160 192 171 192
160 193 171 193
160 205 171 205
160 206 171 206
160 214 171 214
160 227 171 227
160 231 171 231
160 232 171 232
160 247 171 247
161 15 172 15
161 16 172 16
161 19 172 19
161 21 172 21
161 25 172 25
161 28 172 28
161 31 172 31
161 34 172 34
161 36 172 36
161 37 172 37
161 38 172 38
161 39 172 39
161 42 172 42
161 47 172 47
161 54 172 54
161 122 172 122
161 134 172 134
161 153 172 153
161 156 172 156
161 161 172 161
161 166 172 166
161 183 172 183
161 198 172 198
161 200 172 200
161 203 172 203
161 239 172 239
161 242 172 242
162 40 173 40
162 50 173 50
162 51 173 51
162 52 173 52
162 59 173 59
162 70 173 70
162 74 173 74
162 83 173 83
162 90 173 90
162 107 173 107
162 109 173 109
162 111 173 111
162 125 173 125
162 137 173 137
162 138 173 138
162 142 173 142
162 167 173 167
162 176 173 176
162 177 173 177
162 197 173 197
162 199 173 199
162 204 173 204
162 218 173 218
162 221 173 221
162 237 173 237
162 241 173 241
162 244 173 244
163 0 174 0
163 43 174 43
163 61 174 61
163 78 174 78
163 98 174 98
163 100 174 100
163 104 174 104
163 114 174 114
163 115 174 115
163 141 174 141
163 157 174 157
163 170 174 170
163 190 174 190
163 209 174 209
163 213 174 213
163 217 174 217
163 236 174 236
164 64 175 64
164 72 175 72
164 80 175 80
164 92 175 92
164 96 175 96
164 97 175 97
164 101 175 101
164 105 175 105
164 106 175 106
164 116 175 116
164 181 175 181
164 188 175 188
164 215 175 215
164 229 175 229
164 230 175 230
164 234 175 234
164 235 175 235
165 18 176 18
165 60 176 60
165 76 176 76
165 86 176 86
165 119 176 119
165 136 176 136
165 139 176 139
165 143 176 143
165 151 176 151
165 152 176 152
165 173 176 173
165 182 176 182
165 201 176 201
165 219 176 219
165 245 176 245
166 6 177 6
166 7 177 7
166 24 177 24
166 41 177 41
166 62 177 62
166 66 177 66
166 68 177 68
166 79 177 79
166 81 177 81
166 94 177 94
166 99 177 99
166 146 177 146
166 171 177 171
166 174 177 174
166 180 177 180
166 194 177 194
166 212 177 212
166 220 177 220
166 222 177 222
166 223 177 223
166 224 177 224
166 226 177 226
167 4 178 4
167 10 178 10
167 56 178 56
167 58 178 58
167 73 178 73
167 95 178 95
167 144 178 144
167 147 178 147
167 149 178 149
167 150 178 150
167 163 178 163
167 196 178 196
167 202 178 202
167 216 178 216
167 240 178 240
168 9 179 9
168 11 179 11
168 23 179 23
168 32 179 32
168 87 179 87
168 130 179 130
168 145 179 145
168 159 179 159
168 175 179 175
168 178 179 178
168 207 179 207
168 249 179 249
169 2 180 2
169 5 180 5
169 12 180 12
169 91 180 91
169 103 180 103
169 108 180 108
169 117 180 117
169 118 180 118
169 121 180 121
169 158 180 158
169 195 180 195
169 225 180 225
169 238 180 238
170 1 181 1
170 27 181 27
170 65 181 65
170 71 181 71
170 77 181 77
170 82 181 82
170 84 181 84
170 88 181 88
170 102 181 102
170 124 181 124
170 148 181 148
170 169 181 169
170 185 181 185
170 191 181 191
170 211 181 211
170 228 181 228
170 233 181 233
170 243 181 243
171 3 182 3
171 14 182 14
171 20 182 20
171 30 182 30
171 35 182 35
171 44 182 44
171 45 182 45
171 49 182 49
171 55 182 55
171 63 182 63
171 89 182 89
171 126 182 126
171 127 182 127
171 131 182 131
171 133 182 133
171 155 182 155
171 160 182 160
171 162 182 162
171 164 182 164
171 165 182 165
171 168 182 168
171 172 182 172
171 179 182 179
171 184 182 184
171 186 182 186
171 187 182 187
171 189 182 189
171 208 182 208
171 246 182 246
171 248 182 248
172 8 183 8
172 13 183 13
172 26 183 26
172 46 183 46
172 48 183 48
172 53 183 53
172 57 183 57
172 69 183 69
172 75 183 75
172 93 183 93
172 113 183 113
172 120 183 120
172 123 183 123
172 128 183 128
172 129 183 129
172 135 183 135
172 154 183 154
172 193 183 193
172 205 183 205
172 206 183 206
172 214 183 214
172 231 183 231
172 232 183 232
172 247 183 247
173 15 184 15
173 16 184 16
173 19 184 19
173 21 184 21
173 25 184 25
173 31 184 31
173 34 184 34
173 36 184 36
173 38 184 38
173 39 184 39
173 42 184 42
173 47 184 47
173 54 184 54
173 110 184 110
173 112 184 112
173 122 184 122
173 134 184 134
173 156 184 156
173 166 184 166
173 183 184 183
173 192 184 192
173 198 184 198
173 200 184 200
173 239 184 239
174 28 185 28
174 33 185 33
174 40 185 40
174 50 185 50
174 51 185 51
174 59 185 59
174 70 185 70
174 74 185 74
174 83 185 83
174 85 185 85
174 90 185 90
174 107 185 107
174 111 185 111
174 125 185 125
174 138 185 138
174 142 185 142
174 167 185 167
174 176 185 176
174 199 185 199
174 204 185 204
174 218 185 218
174 221 185 221
174 237 185 237
175 43 186 43
175 61 186 61
175 78 186 78
175 98 186 98
175 100 186 100
175 104 186 104
175 114 186 114
175 115 186 115
175 141 186 141
175 157 186 157
175 177 186 177
175 190 186 190
175 209 186 209
175 210 186 210
175 213 186 213
175 217 186 217
175 236 186 236
176 0 187 0
176 64 187 64
176 80 187 80
176 92 187 92
176 96 187 96
176 97 187 97
176 101 187 101
176 105 187 105
176 106 187 106
176 109 187 109
176 116 187 116
176 137 187 137
176 181 187 181
176 188 187 188
176 215 187 215
176 229 187 229
176 230 187 230
176 234 187 234
176 235 187 235
177 18 188 18
177 72 188 72
177 76 188 76
177 86 188 86
177 119 188 119
177 136 188 136
177 139 188 139
177 143 188 143
177 151 188 151
177 152 188 152
177 173 188 173
177 182 188 182
177 201 188 201
177 203 188 203
177 219 188 219
177 227 188 227
178 6 189 6
178 7 189 7
178 29 189 29
178 37 189 37
178 41 189 41
178 60 189 60
178 62 189 62
178 66 189 66
178 79 189 79
178 81 189 81
178 94 189 94
178 99 189 99
178 146 189 146
178 153 189 153
178 171 189 171
178 174 189 174
178 180 189 180
178 194 189 194
178 212 189 212
178 220 189 220
178 222 189 222
178 223 189 223
178 224 189 224
178 245 189 245
179 4 190 4
179 10 190 10
179 22 190 22
179 52 190 52
179 56 190 56
179 58 190 58
179 73 190 73
179 144 190 144
179 147 190 147
179 150 190 150
179 163 190 163
179 196 190 196
179 197 190 197
179 202 190 202
179 216 190 216
179 240 190 240
179 241 190 241
180 9 191 9
180 11 191 11
180 17 191 17
180 23 191 23
180 32 191 32
180 67 191 67
180 87 191 87
180 145 191 145
180 159 191 159
180 161 191 161
180 170 191 170
180 178 191 178
180 207 191 207
180 242 191 242
180 249 191 249
181 5 192 5
181 12 192 12
181 91 192 91
181 103 192 103
181 108 192 108
181 117 192 117
181 121 192 121
181 140 192 140
181 195 192 195
181 238 192 238
181 244 192 244
182 27 193 27
182 71 193 71
182 77 193 77
182 82 193 82
182 84 193 84
182 88 193 88
182 102 193 102
182 124 193 124
182 130 193 130
182 158 193 158
182 169 193 169
182 175 193 175
182 185 193 185
182 211 193 211
182 233 193 233
182 243 193 243
183 3 194 3
183 14 194 14
183 20 194 20
183 30 194 30
183 35 194 35
183 44 194 44
183 45 194 45
183 49 194 49
183 55 194 55
183 63 194 63
183 89 194 89
183 95 194 95
183 118 194 118
183 126 194 126
183 127 194 127
183 131 194 131
183 132 194 132
183 148 194 148
183 160 194 160
183 162 194 162
183 164 194 164
183 165 194 165
183 168 194 168
183 172 194 172
183 179 194 179
183 184 194 184
183 186 194 186
183 189 194 189
183 208 194 208
183 246 194 246
183 248 194 248
184 8 195 8
184 13 195 13
184 46 195 46
184 48 195 48
184 53 195 53
184 69 195 69
184 93 195 93
184 113 195 113
184 120 195 120
184 123 195 123
184 128 195 128
184 129 195 129
184 133 195 133
184 135 195 135
184 149 195 149
184 154 195 154
184 193 195 193
184 205 195 205
184 206 195 206
184 214 195 214
184 231 195 231
184 232 195 232
184 247 195 247
185 15 196 15
185 16 196 16
185 19 196 19
185 21 196 21
185 25 196 25
185 31 196 31
185 34 196 34
185 38 196 38
185 39 196 39
185 42 196 42
185 47 196 47
185 54 196 54
185 57 196 57
185 75 196 75
185 112 196 112
185 122 196 122
185 134 196 134
185 156 196 156
185 183 196 183
185 187 196 187
185 192 196 192
185 198 196 198
185 200 196 200
185 225 196 225
185 226 196 226
185 239 196 239
186 28 197 28
186 33 197 33
186 40 197 40
186 50 197 50
186 51 197 51
186 59 197 59
186 70 197 70
186 83 197 83
186 85 197 85
186 90 197 90
186 107 197 107
186 110 197 110
186 125 197 125
186 138 197 138
186 142 197 142
186 176 197 176
186 204 197 204
186 221 197 221
186 237 197 237
187 26 198 26
187 43 198 43
187 61 198 61
187 78 198 78
187 114 198 114
187 115 198 115
187 155 198 155
187 157 198 157
187 177 198 177
187 190 198 190
187 209 198 209
187 210 198 210
187 213 198 213
187 217 198 217
187 228 198 228
187 236 198 236
188 0 199 0
188 2 199 2
188 64 199 64
188 80 199 80
188 92 199 92
188 96 199 96
188 97 199 97
188 101 199 101
188 105 199 105
188 106 199 106
188 109 199 109
188 116 199 116
188 137 199 137
188 181 199 181
188 188 199 188
188 215 199 215
188 230 199 230
188 234 199 234
188 235 199 235
189 72 199 72
189 76 199 76
189 86 199 86
189 119 199 119
189 139 199 139
189 143 199 143
189 151 199 151
189 152 199 152
189 173 199 173
189 182 199 182
189 201 199 201
189 203 199 203
189 219 199 219
190 29 199 29
190 37 199 37
190 60 199 60
190 62 199 62
190 66 199 66
190 79 199 79
190 81 199 81
190 153 199 153
190 171 199 171
190 174 199 174
190 180 199 180
190 220 199 220
190 223 199 223
190 224 199 224
190 245 199 245
191 4 199 4
191 10 199 10
191 22 199 22
191 52 199 52
191 56 199 56
191 73 199 73
191 144 199 144
191 147 199 147
191 163 199 163
191 196 199 196
191 202 199 202
191 216 199 216
191 240 199 240
191 241 199 241
192 11 199 11
192 17 199 17
192 32 199 32
192 67 199 67
192 145 199 145
192 170 199 170
192 178 199 178
192 207 199 207
198 121 198 132
199 38 199 49
199 120 199 131
